<?xml version="1.0" encoding="UTF-8"?>
<TestRun id="9d7462ba-aca2-496a-891c-b649492dc98a" name="chris@OMEGA 2011-03-01 22:25:20" runUser="omega\chris" xmlns="http://microsoft.com/schemas/VisualStudio/TeamTest/2010">
  <TestSettings name="Local" id="6fa36b88-2d58-4b83-8765-de14e7185a90">
    <Description>These are default test settings for a local test run.</Description>
    <Deployment userDeploymentRoot="C:\csharp\Veritas 3\TestResults" useDefaultDeploymentRoot="false" enabled="false" runDeploymentRoot="chris_OMEGA 2011-03-01 22_25_20">
      <DeploymentItem filename="C:\csharp\Veritas 3\BusinessLayer\Veritas.BusinessLayer\bin\Debug\Veritas.BusinessLayer.dll" />
      <DeploymentItem filename="C:\csharp\veritas 3\ThirdPartyAssembelies\Moq\Moq.dll" />
      <DeploymentItem filename="C:\csharp\Veritas 3\DataLayer\Veritas.DataLayer\bin\Debug\Veritas.DataLayer.dll" />
      <DeploymentItem filename="C:\csharp\Veritas 3\UI\Veritas.UI.Web\bin\Veritas.UI.Web.dll" />
    </Deployment>
    <Execution>
      <TestTypeSpecific />
      <AgentRule name="Execution Agents">
      </AgentRule>
    </Execution>
  </TestSettings>
  <Times creation="2011-03-01T22:25:20.9438041-05:00" queuing="2011-03-01T22:25:23.4379468-05:00" start="2011-03-01T22:25:23.6439586-05:00" finish="2011-03-01T22:26:04.1232738-05:00" />
  <ResultSummary outcome="Completed">
    <Counters total="1" executed="1" passed="1" error="0" failed="0" timeout="0" aborted="0" inconclusive="0" passedButRunAborted="0" notRunnable="0" notExecuted="0" disconnected="0" warning="0" completed="0" inProgress="0" pending="0" />
  </ResultSummary>
  <TestDefinitions>
    <UnitTest name="LogToDbTest" storage="c:\csharp\veritas 3\tests\veritas.tests\bin\debug\veritas.tests.dll" id="139ab3b5-06ed-b3a1-e294-00471518491c">
      <Execution id="c1ac97f5-f769-4a8a-bb46-ead15a17ec76" />
      <TestMethod codeBase="C:/csharp/veritas 3/Tests/Veritas.Tests/bin/Debug/Veritas.Tests.DLL" adapterTypeName="Microsoft.VisualStudio.TestTools.TestTypes.Unit.UnitTestAdapter, Microsoft.VisualStudio.QualityTools.Tips.UnitTest.Adapter, Version=10.0.0.0, Culture=neutral, PublicKeyToken=b03f5f7f11d50a3a" className="Veritas.Tests.LoggingHandlerTest, Veritas.Tests, Version=1.0.0.0, Culture=neutral, PublicKeyToken=null" name="LogToDbTest" />
    </UnitTest>
  </TestDefinitions>
  <TestLists>
    <TestList name="Results Not in a List" id="8c84fa94-04c1-424b-9868-57a2d4851a1d" />
    <TestList name="All Loaded Results" id="19431567-8539-422a-85d7-44ee4e166bda" />
  </TestLists>
  <TestEntries>
    <TestEntry testId="139ab3b5-06ed-b3a1-e294-00471518491c" executionId="c1ac97f5-f769-4a8a-bb46-ead15a17ec76" testListId="8c84fa94-04c1-424b-9868-57a2d4851a1d" />
  </TestEntries>
  <Results>
    <UnitTestResult executionId="c1ac97f5-f769-4a8a-bb46-ead15a17ec76" testId="139ab3b5-06ed-b3a1-e294-00471518491c" testName="LogToDbTest" computerName="OMEGA" duration="00:00:35.2979266" startTime="2011-03-01T22:25:23.8179685-05:00" endTime="2011-03-01T22:26:02.4761796-05:00" testType="13cdc9d9-ddb5-4fa4-a97d-d965ccfc6d4b" outcome="Passed" testListId="8c84fa94-04c1-424b-9868-57a2d4851a1d" relativeResultsDirectory="c1ac97f5-f769-4a8a-bb46-ead15a17ec76">
    </UnitTestResult>
  </Results>
</TestRun>