<?xml version="1.0" encoding="UTF-8"?>
<TestRun id="5381106e-db5e-420e-a6e1-5b0833be316f" name="chris@OMEGA 2011-03-01 22:04:09" runUser="omega\chris" xmlns="http://microsoft.com/schemas/VisualStudio/TeamTest/2010">
  <TestSettings name="Local" id="6fa36b88-2d58-4b83-8765-de14e7185a90">
    <Description>These are default test settings for a local test run.</Description>
    <Deployment enabled="false" runDeploymentRoot="chris_OMEGA 2011-03-01 22_04_09">
      <DeploymentItem filename="C:\csharp\Veritas 3\BusinessLayer\Veritas.BusinessLayer\bin\Debug\Veritas.BusinessLayer.dll" />
      <DeploymentItem filename="C:\csharp\veritas 3\ThirdPartyAssembelies\Moq\Moq.dll" />
      <DeploymentItem filename="C:\csharp\Veritas 3\DataLayer\Veritas.DataLayer\bin\Debug\Veritas.DataLayer.dll" />
      <DeploymentItem filename="C:\csharp\Veritas 3\UI\Veritas.UI.Web\bin\Veritas.UI.Web.dll" />
    </Deployment>
    <Execution>
      <TestTypeSpecific />
      <AgentRule name="Execution Agents">
      </AgentRule>
    </Execution>
  </TestSettings>
  <Times creation="2011-03-01T22:04:09.5760860-05:00" queuing="2011-03-01T22:04:13.1692916-05:00" start="2011-03-01T22:04:13.3653028-05:00" finish="2011-03-01T22:04:53.3215881-05:00" />
  <ResultSummary outcome="Error">
    <Counters total="1" executed="1" error="0" failed="0" timeout="0" aborted="1" inconclusive="0" passedButRunAborted="0" notRunnable="0" notExecuted="0" disconnected="0" warning="0" passed="0" completed="0" inProgress="0" pending="0" />
    <RunInfos>
      <RunInfo computerName="OMEGA" outcome="Error" timestamp="2011-03-01T22:04:53.3205881-05:00">
        <Text>Test host process exited unexpectedly.</Text>
      </RunInfo>
    </RunInfos>
  </ResultSummary>
  <TestDefinitions>
    <UnitTest name="GetBlogConfigTest" storage="c:\csharp\veritas 3\tests\veritas.tests\bin\debug\veritas.tests.dll" id="11f1d2f1-9bd3-067f-5722-3beb4d7ed102">
      <Execution id="ea2c72ec-e803-440a-adf5-39c9c6f0bc6d" />
      <TestMethod codeBase="C:/csharp/veritas 3/Tests/Veritas.Tests/bin/Debug/Veritas.Tests.DLL" adapterTypeName="Microsoft.VisualStudio.TestTools.TestTypes.Unit.UnitTestAdapter, Microsoft.VisualStudio.QualityTools.Tips.UnitTest.Adapter, Version=10.0.0.0, Culture=neutral, PublicKeyToken=b03f5f7f11d50a3a" className="Veritas.Tests.CacheHandlerTest, Veritas.Tests, Version=1.0.0.0, Culture=neutral, PublicKeyToken=null" name="GetBlogConfigTest" />
    </UnitTest>
  </TestDefinitions>
  <TestLists>
    <TestList name="Results Not in a List" id="8c84fa94-04c1-424b-9868-57a2d4851a1d" />
    <TestList name="All Loaded Results" id="19431567-8539-422a-85d7-44ee4e166bda" />
  </TestLists>
  <TestEntries>
    <TestEntry testId="11f1d2f1-9bd3-067f-5722-3beb4d7ed102" executionId="ea2c72ec-e803-440a-adf5-39c9c6f0bc6d" testListId="8c84fa94-04c1-424b-9868-57a2d4851a1d" />
  </TestEntries>
  <Results>
    <UnitTestResult executionId="ea2c72ec-e803-440a-adf5-39c9c6f0bc6d" testId="11f1d2f1-9bd3-067f-5722-3beb4d7ed102" testName="GetBlogConfigTest" computerName="OMEGA" duration="00:00:39.7882757" startTime="2011-03-01T22:04:13.5333124-05:00" endTime="2011-03-01T22:04:53.3215881-05:00" testType="13cdc9d9-ddb5-4fa4-a97d-d965ccfc6d4b" outcome="Aborted" testListId="8c84fa94-04c1-424b-9868-57a2d4851a1d" relativeResultsDirectory="ea2c72ec-e803-440a-adf5-39c9c6f0bc6d">
    </UnitTestResult>
  </Results>
</TestRun>