<?xml version="1.0" encoding="UTF-8"?>
<TestRun id="04d5d9c7-342f-4263-83d1-fbcd58bdeedc" name="chris@OMEGA 2011-03-01 22:03:19" runUser="omega\chris" xmlns="http://microsoft.com/schemas/VisualStudio/TeamTest/2010">
  <TestSettings name="Local" id="6fa36b88-2d58-4b83-8765-de14e7185a90">
    <Description>These are default test settings for a local test run.</Description>
    <Deployment enabled="false" runDeploymentRoot="chris_OMEGA 2011-03-01 22_03_19">
      <DeploymentItem filename="C:\csharp\Veritas 3\BusinessLayer\Veritas.BusinessLayer\bin\Debug\Veritas.BusinessLayer.dll" />
      <DeploymentItem filename="C:\csharp\veritas 3\ThirdPartyAssembelies\Moq\Moq.dll" />
      <DeploymentItem filename="C:\csharp\Veritas 3\DataLayer\Veritas.DataLayer\bin\Debug\Veritas.DataLayer.dll" />
      <DeploymentItem filename="C:\csharp\Veritas 3\UI\Veritas.UI.Web\bin\Veritas.UI.Web.dll" />
    </Deployment>
    <Execution>
      <TestTypeSpecific />
      <AgentRule name="Execution Agents">
      </AgentRule>
    </Execution>
  </TestSettings>
  <Times creation="2011-03-01T22:03:19.0791978-05:00" queuing="2011-03-01T22:03:22.4723919-05:00" start="2011-03-01T22:03:22.6524022-05:00" finish="2011-03-01T22:03:30.1958336-05:00" />
  <ResultSummary outcome="Failed">
    <Counters total="73" executed="73" passed="65" error="0" failed="8" timeout="0" aborted="0" inconclusive="0" passedButRunAborted="0" notRunnable="0" notExecuted="0" disconnected="0" warning="0" completed="0" inProgress="0" pending="0" />
  </ResultSummary>
  <TestDefinitions>
    <UnitTest name="DeleteBlogEntryTest" storage="c:\csharp\veritas 3\tests\veritas.tests\bin\debug\veritas.tests.dll" id="c8d5d54a-5747-e0ad-d7b0-76377ca3dca6">
      <Execution id="1091270f-7d48-4b72-9976-c6453d827b87" />
      <TestMethod codeBase="C:/csharp/veritas 3/Tests/Veritas.Tests/bin/Debug/Veritas.Tests.DLL" adapterTypeName="Microsoft.VisualStudio.TestTools.TestTypes.Unit.UnitTestAdapter, Microsoft.VisualStudio.QualityTools.Tips.UnitTest.Adapter, Version=10.0.0.0, Culture=neutral, PublicKeyToken=b03f5f7f11d50a3a" className="Veritas.Tests.VeritasRepositoryTest, Veritas.Tests, Version=1.0.0.0, Culture=neutral, PublicKeyToken=null" name="DeleteBlogEntryTest" />
    </UnitTest>
    <UnitTest name="LogToDbTest" storage="c:\csharp\veritas 3\tests\veritas.tests\bin\debug\veritas.tests.dll" id="139ab3b5-06ed-b3a1-e294-00471518491c">
      <Execution id="ac11d635-0a8b-499c-b835-339619b39715" />
      <TestMethod codeBase="C:/csharp/veritas 3/Tests/Veritas.Tests/bin/Debug/Veritas.Tests.DLL" adapterTypeName="Microsoft.VisualStudio.TestTools.TestTypes.Unit.UnitTestAdapter, Microsoft.VisualStudio.QualityTools.Tips.UnitTest.Adapter, Version=10.0.0.0, Culture=neutral, PublicKeyToken=b03f5f7f11d50a3a" className="Veritas.Tests.LoggingHandlerTest, Veritas.Tests, Version=1.0.0.0, Culture=neutral, PublicKeyToken=null" name="LogToDbTest" />
    </UnitTest>
    <UnitTest name="GetEntriesFromStartPointTest" storage="c:\csharp\veritas 3\tests\veritas.tests\bin\debug\veritas.tests.dll" id="c7fe2751-1051-530e-a619-c3e0302bb88e">
      <Execution id="37ca2a23-bc69-4e3a-a64c-cf5b10aba931" />
      <TestMethod codeBase="C:/csharp/veritas 3/Tests/Veritas.Tests/bin/Debug/Veritas.Tests.DLL" adapterTypeName="Microsoft.VisualStudio.TestTools.TestTypes.Unit.UnitTestAdapter, Microsoft.VisualStudio.QualityTools.Tips.UnitTest.Adapter, Version=10.0.0.0, Culture=neutral, PublicKeyToken=b03f5f7f11d50a3a" className="Veritas.Tests.VeritasRepositoryTest, Veritas.Tests, Version=1.0.0.0, Culture=neutral, PublicKeyToken=null" name="GetEntriesFromStartPointTest" />
    </UnitTest>
    <UnitTest name="DeleteBlogPageTest" storage="c:\csharp\veritas 3\tests\veritas.tests\bin\debug\veritas.tests.dll" id="2e41ee7b-fef3-3171-340b-af54e8e4e820">
      <Execution id="d3d2e384-0a39-409d-a194-ab019ada62b6" />
      <TestMethod codeBase="C:/csharp/veritas 3/Tests/Veritas.Tests/bin/Debug/Veritas.Tests.DLL" adapterTypeName="Microsoft.VisualStudio.TestTools.TestTypes.Unit.UnitTestAdapter, Microsoft.VisualStudio.QualityTools.Tips.UnitTest.Adapter, Version=10.0.0.0, Culture=neutral, PublicKeyToken=b03f5f7f11d50a3a" className="Veritas.Tests.VeritasRepositoryTest, Veritas.Tests, Version=1.0.0.0, Culture=neutral, PublicKeyToken=null" name="DeleteBlogPageTest" />
    </UnitTest>
    <UnitTest name="DeleteBlogEntryViewCountTest" storage="c:\csharp\veritas 3\tests\veritas.tests\bin\debug\veritas.tests.dll" id="e7a4da5d-e505-77aa-de9b-b9803fda3f68">
      <Execution id="4b6a7f60-ecab-4ce2-8228-8031ce6285b1" />
      <TestMethod codeBase="C:/csharp/veritas 3/Tests/Veritas.Tests/bin/Debug/Veritas.Tests.DLL" adapterTypeName="Microsoft.VisualStudio.TestTools.TestTypes.Unit.UnitTestAdapter, Microsoft.VisualStudio.QualityTools.Tips.UnitTest.Adapter, Version=10.0.0.0, Culture=neutral, PublicKeyToken=b03f5f7f11d50a3a" className="Veritas.Tests.VeritasRepositoryTest, Veritas.Tests, Version=1.0.0.0, Culture=neutral, PublicKeyToken=null" name="DeleteBlogEntryViewCountTest" />
    </UnitTest>
    <UnitTest name="ForceNewInstanceTest" storage="c:\csharp\veritas 3\tests\veritas.tests\bin\debug\veritas.tests.dll" id="32df1724-5104-3e56-cb1c-e855f7d33c78">
      <Execution id="509d9ee1-1427-44d0-817a-1c0df024a468" />
      <TestMethod codeBase="C:/csharp/veritas 3/Tests/Veritas.Tests/bin/Debug/Veritas.Tests.DLL" adapterTypeName="Microsoft.VisualStudio.TestTools.TestTypes.Unit.UnitTestAdapter, Microsoft.VisualStudio.QualityTools.Tips.UnitTest.Adapter, Version=10.0.0.0, Culture=neutral, PublicKeyToken=b03f5f7f11d50a3a" className="Veritas.Tests.VeritasRepositoryTest, Veritas.Tests, Version=1.0.0.0, Culture=neutral, PublicKeyToken=null" name="ForceNewInstanceTest" />
    </UnitTest>
    <UnitTest name="GetBlogFeedbackByFeedbackIdTest" storage="c:\csharp\veritas 3\tests\veritas.tests\bin\debug\veritas.tests.dll" id="1eb74fa0-cd49-400c-0d57-14a1a55376e2">
      <Execution id="cb3eaa7a-2527-4d6c-8548-e8d9602096c1" />
      <TestMethod codeBase="C:/csharp/veritas 3/Tests/Veritas.Tests/bin/Debug/Veritas.Tests.DLL" adapterTypeName="Microsoft.VisualStudio.TestTools.TestTypes.Unit.UnitTestAdapter, Microsoft.VisualStudio.QualityTools.Tips.UnitTest.Adapter, Version=10.0.0.0, Culture=neutral, PublicKeyToken=b03f5f7f11d50a3a" className="Veritas.Tests.VeritasRepositoryTest, Veritas.Tests, Version=1.0.0.0, Culture=neutral, PublicKeyToken=null" name="GetBlogFeedbackByFeedbackIdTest" />
    </UnitTest>
    <UnitTest name="DeleteBlogLogTest" storage="c:\csharp\veritas 3\tests\veritas.tests\bin\debug\veritas.tests.dll" id="ea3d664f-a9b3-4272-66e4-7640a3a556af">
      <Execution id="aee706e9-b4bc-4dd2-9a03-3fb797c95d6d" />
      <TestMethod codeBase="C:/csharp/veritas 3/Tests/Veritas.Tests/bin/Debug/Veritas.Tests.DLL" adapterTypeName="Microsoft.VisualStudio.TestTools.TestTypes.Unit.UnitTestAdapter, Microsoft.VisualStudio.QualityTools.Tips.UnitTest.Adapter, Version=10.0.0.0, Culture=neutral, PublicKeyToken=b03f5f7f11d50a3a" className="Veritas.Tests.VeritasRepositoryTest, Veritas.Tests, Version=1.0.0.0, Culture=neutral, PublicKeyToken=null" name="DeleteBlogLogTest" />
    </UnitTest>
    <UnitTest name="DeleteBlacklistTest" storage="c:\csharp\veritas 3\tests\veritas.tests\bin\debug\veritas.tests.dll" id="71e36249-d1d9-c9c8-c5a2-21a17f6ce0ba">
      <Execution id="dad229d3-915b-40c6-8e94-7342580c2ddd" />
      <TestMethod codeBase="C:/csharp/veritas 3/Tests/Veritas.Tests/bin/Debug/Veritas.Tests.DLL" adapterTypeName="Microsoft.VisualStudio.TestTools.TestTypes.Unit.UnitTestAdapter, Microsoft.VisualStudio.QualityTools.Tips.UnitTest.Adapter, Version=10.0.0.0, Culture=neutral, PublicKeyToken=b03f5f7f11d50a3a" className="Veritas.Tests.VeritasRepositoryTest, Veritas.Tests, Version=1.0.0.0, Culture=neutral, PublicKeyToken=null" name="DeleteBlacklistTest" />
    </UnitTest>
    <UnitTest name="UrlHelperTest" storage="c:\csharp\veritas 3\tests\veritas.tests\bin\debug\veritas.tests.dll" id="ba02f043-5194-b9ef-24b3-5b63efb7cd79">
      <Execution id="65c56e47-ddb1-4abf-91cc-1dfbdb3c7b25" />
      <TestMethod codeBase="C:/csharp/veritas 3/Tests/Veritas.Tests/bin/Debug/Veritas.Tests.DLL" adapterTypeName="Microsoft.VisualStudio.TestTools.TestTypes.Unit.UnitTestAdapter, Microsoft.VisualStudio.QualityTools.Tips.UnitTest.Adapter, Version=10.0.0.0, Culture=neutral, PublicKeyToken=b03f5f7f11d50a3a" className="Veritas.Tests.VeritasFormTest, Veritas.Tests, Version=1.0.0.0, Culture=neutral, PublicKeyToken=null" name="UrlHelperTest" />
    </UnitTest>
    <UnitTest name="DeleteBlogConfigTest" storage="c:\csharp\veritas 3\tests\veritas.tests\bin\debug\veritas.tests.dll" id="7696afef-1fde-4dc8-80d8-b0c40bea3145">
      <Execution id="a412dc2d-8d9d-40f4-abd0-688bbd93e192" />
      <TestMethod codeBase="C:/csharp/veritas 3/Tests/Veritas.Tests/bin/Debug/Veritas.Tests.DLL" adapterTypeName="Microsoft.VisualStudio.TestTools.TestTypes.Unit.UnitTestAdapter, Microsoft.VisualStudio.QualityTools.Tips.UnitTest.Adapter, Version=10.0.0.0, Culture=neutral, PublicKeyToken=b03f5f7f11d50a3a" className="Veritas.Tests.VeritasRepositoryTest, Veritas.Tests, Version=1.0.0.0, Culture=neutral, PublicKeyToken=null" name="DeleteBlogConfigTest" />
    </UnitTest>
    <UnitTest name="AddBlogLogTest" storage="c:\csharp\veritas 3\tests\veritas.tests\bin\debug\veritas.tests.dll" id="93859457-059e-f967-9d10-0d393b92ecbd">
      <Execution id="ef3f4cef-ea32-431c-9c0d-f723fae6e274" />
      <TestMethod codeBase="C:/csharp/veritas 3/Tests/Veritas.Tests/bin/Debug/Veritas.Tests.DLL" adapterTypeName="Microsoft.VisualStudio.TestTools.TestTypes.Unit.UnitTestAdapter, Microsoft.VisualStudio.QualityTools.Tips.UnitTest.Adapter, Version=10.0.0.0, Culture=neutral, PublicKeyToken=b03f5f7f11d50a3a" className="Veritas.Tests.VeritasRepositoryTest, Veritas.Tests, Version=1.0.0.0, Culture=neutral, PublicKeyToken=null" name="AddBlogLogTest" />
    </UnitTest>
    <UnitTest name="GetRecentEntriesTest1" storage="c:\csharp\veritas 3\tests\veritas.tests\bin\debug\veritas.tests.dll" id="fb1c259e-a5d3-4d6f-eb1f-88e915527312">
      <Execution id="a6fa3d74-b99e-437e-a915-df79be532e48" />
      <TestMethod codeBase="C:/csharp/veritas 3/Tests/Veritas.Tests/bin/Debug/Veritas.Tests.DLL" adapterTypeName="Microsoft.VisualStudio.TestTools.TestTypes.Unit.UnitTestAdapter, Microsoft.VisualStudio.QualityTools.Tips.UnitTest.Adapter, Version=10.0.0.0, Culture=neutral, PublicKeyToken=b03f5f7f11d50a3a" className="Veritas.Tests.VeritasRepositoryTest, Veritas.Tests, Version=1.0.0.0, Culture=neutral, PublicKeyToken=null" name="GetRecentEntriesTest1" />
    </UnitTest>
    <UnitTest name="AddBlacklistTest" storage="c:\csharp\veritas 3\tests\veritas.tests\bin\debug\veritas.tests.dll" id="a8e19d6e-94f1-71b9-e146-21d07ada136b">
      <Execution id="057ddd56-2c11-4499-a46c-ad69a067db6d" />
      <TestMethod codeBase="C:/csharp/veritas 3/Tests/Veritas.Tests/bin/Debug/Veritas.Tests.DLL" adapterTypeName="Microsoft.VisualStudio.TestTools.TestTypes.Unit.UnitTestAdapter, Microsoft.VisualStudio.QualityTools.Tips.UnitTest.Adapter, Version=10.0.0.0, Culture=neutral, PublicKeyToken=b03f5f7f11d50a3a" className="Veritas.Tests.VeritasRepositoryTest, Veritas.Tests, Version=1.0.0.0, Culture=neutral, PublicKeyToken=null" name="AddBlacklistTest" />
    </UnitTest>
    <UnitTest name="BuildXmlFromConfigTest" storage="c:\csharp\veritas 3\tests\veritas.tests\bin\debug\veritas.tests.dll" id="dfccb8e7-e1b4-274c-8f59-e2f6a417af14">
      <Execution id="c31d057e-5500-4a70-8e0f-4cf7512c15d5" />
      <TestMethod codeBase="C:/csharp/veritas 3/Tests/Veritas.Tests/bin/Debug/Veritas.Tests.DLL" adapterTypeName="Microsoft.VisualStudio.TestTools.TestTypes.Unit.UnitTestAdapter, Microsoft.VisualStudio.QualityTools.Tips.UnitTest.Adapter, Version=10.0.0.0, Culture=neutral, PublicKeyToken=b03f5f7f11d50a3a" className="Veritas.Tests.BlogConfigTest, Veritas.Tests, Version=1.0.0.0, Culture=neutral, PublicKeyToken=null" name="BuildXmlFromConfigTest" />
    </UnitTest>
    <UnitTest name="GetBlogUsersInRolesTest" storage="c:\csharp\veritas 3\tests\veritas.tests\bin\debug\veritas.tests.dll" id="a6e26627-243e-155a-eb01-98e2d1195dae">
      <Execution id="689ba25e-a31b-4e4a-a625-f4350c05663e" />
      <TestMethod codeBase="C:/csharp/veritas 3/Tests/Veritas.Tests/bin/Debug/Veritas.Tests.DLL" adapterTypeName="Microsoft.VisualStudio.TestTools.TestTypes.Unit.UnitTestAdapter, Microsoft.VisualStudio.QualityTools.Tips.UnitTest.Adapter, Version=10.0.0.0, Culture=neutral, PublicKeyToken=b03f5f7f11d50a3a" className="Veritas.Tests.VeritasRepositoryTest, Veritas.Tests, Version=1.0.0.0, Culture=neutral, PublicKeyToken=null" name="GetBlogUsersInRolesTest" />
    </UnitTest>
    <UnitTest name="GetTotalEntriesByBlogConfigIDTest" storage="c:\csharp\veritas 3\tests\veritas.tests\bin\debug\veritas.tests.dll" id="94256328-6ce6-7f64-bf52-52d662d69141">
      <Execution id="b829b895-f8e0-4ac9-a18b-91f64613fa3f" />
      <TestMethod codeBase="C:/csharp/veritas 3/Tests/Veritas.Tests/bin/Debug/Veritas.Tests.DLL" adapterTypeName="Microsoft.VisualStudio.TestTools.TestTypes.Unit.UnitTestAdapter, Microsoft.VisualStudio.QualityTools.Tips.UnitTest.Adapter, Version=10.0.0.0, Culture=neutral, PublicKeyToken=b03f5f7f11d50a3a" className="Veritas.Tests.VeritasRepositoryTest, Veritas.Tests, Version=1.0.0.0, Culture=neutral, PublicKeyToken=null" name="GetTotalEntriesByBlogConfigIDTest" />
    </UnitTest>
    <UnitTest name="AddBlogEntryTest" storage="c:\csharp\veritas 3\tests\veritas.tests\bin\debug\veritas.tests.dll" id="3c04621e-74cb-9962-379a-2a39c7771507">
      <Execution id="899daac5-8132-4953-be92-c770b038b30c" />
      <TestMethod codeBase="C:/csharp/veritas 3/Tests/Veritas.Tests/bin/Debug/Veritas.Tests.DLL" adapterTypeName="Microsoft.VisualStudio.TestTools.TestTypes.Unit.UnitTestAdapter, Microsoft.VisualStudio.QualityTools.Tips.UnitTest.Adapter, Version=10.0.0.0, Culture=neutral, PublicKeyToken=b03f5f7f11d50a3a" className="Veritas.Tests.VeritasRepositoryTest, Veritas.Tests, Version=1.0.0.0, Culture=neutral, PublicKeyToken=null" name="AddBlogEntryTest" />
    </UnitTest>
    <UnitTest name="GetInstanceTest" storage="c:\csharp\veritas 3\tests\veritas.tests\bin\debug\veritas.tests.dll" id="2393ba0f-b8d8-09f4-703d-82bed950d692">
      <Execution id="c6207192-114c-4569-9a1f-056617dfae2f" />
      <TestMethod codeBase="C:/csharp/veritas 3/Tests/Veritas.Tests/bin/Debug/Veritas.Tests.DLL" adapterTypeName="Microsoft.VisualStudio.TestTools.TestTypes.Unit.UnitTestAdapter, Microsoft.VisualStudio.QualityTools.Tips.UnitTest.Adapter, Version=10.0.0.0, Culture=neutral, PublicKeyToken=b03f5f7f11d50a3a" className="Veritas.Tests.VeritasFormTest, Veritas.Tests, Version=1.0.0.0, Culture=neutral, PublicKeyToken=null" name="GetInstanceTest" />
    </UnitTest>
    <UnitTest name="DeleteBlogCategoryTest" storage="c:\csharp\veritas 3\tests\veritas.tests\bin\debug\veritas.tests.dll" id="b3108ca4-ea15-e67e-c0db-a65c954d8ee4">
      <Execution id="2f6d0cf7-9c9f-46bf-801b-db17cf8b06cc" />
      <TestMethod codeBase="C:/csharp/veritas 3/Tests/Veritas.Tests/bin/Debug/Veritas.Tests.DLL" adapterTypeName="Microsoft.VisualStudio.TestTools.TestTypes.Unit.UnitTestAdapter, Microsoft.VisualStudio.QualityTools.Tips.UnitTest.Adapter, Version=10.0.0.0, Culture=neutral, PublicKeyToken=b03f5f7f11d50a3a" className="Veritas.Tests.VeritasRepositoryTest, Veritas.Tests, Version=1.0.0.0, Culture=neutral, PublicKeyToken=null" name="DeleteBlogCategoryTest" />
    </UnitTest>
    <UnitTest name="AddBlogUserTest" storage="c:\csharp\veritas 3\tests\veritas.tests\bin\debug\veritas.tests.dll" id="9dfd7cc0-85f3-ef1f-df8a-dfd2dfaed384">
      <Execution id="ef2dce84-8d4a-4b2c-b87f-a3ad155902e2" />
      <TestMethod codeBase="C:/csharp/veritas 3/Tests/Veritas.Tests/bin/Debug/Veritas.Tests.DLL" adapterTypeName="Microsoft.VisualStudio.TestTools.TestTypes.Unit.UnitTestAdapter, Microsoft.VisualStudio.QualityTools.Tips.UnitTest.Adapter, Version=10.0.0.0, Culture=neutral, PublicKeyToken=b03f5f7f11d50a3a" className="Veritas.Tests.VeritasRepositoryTest, Veritas.Tests, Version=1.0.0.0, Culture=neutral, PublicKeyToken=null" name="AddBlogUserTest" />
    </UnitTest>
    <UnitTest name="DeleteBlogUserRoleTest" storage="c:\csharp\veritas 3\tests\veritas.tests\bin\debug\veritas.tests.dll" id="7f840e9f-2bcf-f981-20f2-b813f293bead">
      <Execution id="c4309fd8-07b1-444c-8c06-c28fc3047b0f" />
      <TestMethod codeBase="C:/csharp/veritas 3/Tests/Veritas.Tests/bin/Debug/Veritas.Tests.DLL" adapterTypeName="Microsoft.VisualStudio.TestTools.TestTypes.Unit.UnitTestAdapter, Microsoft.VisualStudio.QualityTools.Tips.UnitTest.Adapter, Version=10.0.0.0, Culture=neutral, PublicKeyToken=b03f5f7f11d50a3a" className="Veritas.Tests.VeritasRepositoryTest, Veritas.Tests, Version=1.0.0.0, Culture=neutral, PublicKeyToken=null" name="DeleteBlogUserRoleTest" />
    </UnitTest>
    <UnitTest name="GetCategoryTagsTest" storage="c:\csharp\veritas 3\tests\veritas.tests\bin\debug\veritas.tests.dll" id="1c19cc4a-22e0-ca4d-ad5c-b13ae32c220d">
      <Execution id="d2386fdf-8707-452e-8f56-1cf58d7c7f6b" />
      <TestMethod codeBase="C:/csharp/veritas 3/Tests/Veritas.Tests/bin/Debug/Veritas.Tests.DLL" adapterTypeName="Microsoft.VisualStudio.TestTools.TestTypes.Unit.UnitTestAdapter, Microsoft.VisualStudio.QualityTools.Tips.UnitTest.Adapter, Version=10.0.0.0, Culture=neutral, PublicKeyToken=b03f5f7f11d50a3a" className="Veritas.Tests.VeritasRepositoryTest, Veritas.Tests, Version=1.0.0.0, Culture=neutral, PublicKeyToken=null" name="GetCategoryTagsTest" />
    </UnitTest>
    <UnitTest name="GetEntryByIDTest" storage="c:\csharp\veritas 3\tests\veritas.tests\bin\debug\veritas.tests.dll" id="64973faf-5d75-8380-9505-9cef889bfac8">
      <Execution id="0f179ef4-8dce-4914-8cbf-d8b363bdded5" />
      <TestMethod codeBase="C:/csharp/veritas 3/Tests/Veritas.Tests/bin/Debug/Veritas.Tests.DLL" adapterTypeName="Microsoft.VisualStudio.TestTools.TestTypes.Unit.UnitTestAdapter, Microsoft.VisualStudio.QualityTools.Tips.UnitTest.Adapter, Version=10.0.0.0, Culture=neutral, PublicKeyToken=b03f5f7f11d50a3a" className="Veritas.Tests.VeritasRepositoryTest, Veritas.Tests, Version=1.0.0.0, Culture=neutral, PublicKeyToken=null" name="GetEntryByIDTest" />
    </UnitTest>
    <UnitTest name="LogToFileDetailsTest" storage="c:\csharp\veritas 3\tests\veritas.tests\bin\debug\veritas.tests.dll" id="3a823fd7-1fe1-4ff6-4b84-5f99c9fb80fe">
      <Execution id="d5bd3068-80d4-4288-b50b-6ddceb885944" />
      <TestMethod codeBase="C:/csharp/veritas 3/Tests/Veritas.Tests/bin/Debug/Veritas.Tests.DLL" adapterTypeName="Microsoft.VisualStudio.TestTools.TestTypes.Unit.UnitTestAdapter, Microsoft.VisualStudio.QualityTools.Tips.UnitTest.Adapter, Version=10.0.0.0, Culture=neutral, PublicKeyToken=b03f5f7f11d50a3a" className="Veritas.Tests.LoggingHandlerTest, Veritas.Tests, Version=1.0.0.0, Culture=neutral, PublicKeyToken=null" name="LogToFileDetailsTest" />
    </UnitTest>
    <UnitTest name="GetBlogFeedbackAuthorsTest" storage="c:\csharp\veritas 3\tests\veritas.tests\bin\debug\veritas.tests.dll" id="447be92f-5d52-346d-beb6-d91f0b0d0de7">
      <Execution id="b9a3d7d5-8f5f-4c8f-b9a0-40cece338aa1" />
      <TestMethod codeBase="C:/csharp/veritas 3/Tests/Veritas.Tests/bin/Debug/Veritas.Tests.DLL" adapterTypeName="Microsoft.VisualStudio.TestTools.TestTypes.Unit.UnitTestAdapter, Microsoft.VisualStudio.QualityTools.Tips.UnitTest.Adapter, Version=10.0.0.0, Culture=neutral, PublicKeyToken=b03f5f7f11d50a3a" className="Veritas.Tests.VeritasRepositoryTest, Veritas.Tests, Version=1.0.0.0, Culture=neutral, PublicKeyToken=null" name="GetBlogFeedbackAuthorsTest" />
    </UnitTest>
    <UnitTest name="LogToDbExceptionTest" storage="c:\csharp\veritas 3\tests\veritas.tests\bin\debug\veritas.tests.dll" id="d36ead82-8c1b-369b-cd71-07dfae01f04a">
      <Execution id="cca2eb2a-e429-4386-884f-ff6d256f20d6" />
      <TestMethod codeBase="C:/csharp/veritas 3/Tests/Veritas.Tests/bin/Debug/Veritas.Tests.DLL" adapterTypeName="Microsoft.VisualStudio.TestTools.TestTypes.Unit.UnitTestAdapter, Microsoft.VisualStudio.QualityTools.Tips.UnitTest.Adapter, Version=10.0.0.0, Culture=neutral, PublicKeyToken=b03f5f7f11d50a3a" className="Veritas.Tests.LoggingHandlerTest, Veritas.Tests, Version=1.0.0.0, Culture=neutral, PublicKeyToken=null" name="LogToDbExceptionTest" />
    </UnitTest>
    <UnitTest name="DeleteBlogMenuItemTest" storage="c:\csharp\veritas 3\tests\veritas.tests\bin\debug\veritas.tests.dll" id="e6165e7d-f344-cfae-dc8d-31f21eb72b18">
      <Execution id="bd1ef08f-5e4a-41f3-9d78-c3e54f764b97" />
      <TestMethod codeBase="C:/csharp/veritas 3/Tests/Veritas.Tests/bin/Debug/Veritas.Tests.DLL" adapterTypeName="Microsoft.VisualStudio.TestTools.TestTypes.Unit.UnitTestAdapter, Microsoft.VisualStudio.QualityTools.Tips.UnitTest.Adapter, Version=10.0.0.0, Culture=neutral, PublicKeyToken=b03f5f7f11d50a3a" className="Veritas.Tests.VeritasRepositoryTest, Veritas.Tests, Version=1.0.0.0, Culture=neutral, PublicKeyToken=null" name="DeleteBlogMenuItemTest" />
    </UnitTest>
    <UnitTest name="AddBlogMenuItemTest" storage="c:\csharp\veritas 3\tests\veritas.tests\bin\debug\veritas.tests.dll" id="32ea4c9f-3078-f85d-0e69-a67efb28c540">
      <Execution id="a5ac3aa4-1a9f-4e37-a5f3-34a741b41926" />
      <TestMethod codeBase="C:/csharp/veritas 3/Tests/Veritas.Tests/bin/Debug/Veritas.Tests.DLL" adapterTypeName="Microsoft.VisualStudio.TestTools.TestTypes.Unit.UnitTestAdapter, Microsoft.VisualStudio.QualityTools.Tips.UnitTest.Adapter, Version=10.0.0.0, Culture=neutral, PublicKeyToken=b03f5f7f11d50a3a" className="Veritas.Tests.VeritasRepositoryTest, Veritas.Tests, Version=1.0.0.0, Culture=neutral, PublicKeyToken=null" name="AddBlogMenuItemTest" />
    </UnitTest>
    <UnitTest name="GetFeedbackForRSSTest" storage="c:\csharp\veritas 3\tests\veritas.tests\bin\debug\veritas.tests.dll" id="026b8766-739e-be5a-bbeb-7fe4653d0b92">
      <Execution id="590c1904-b4b5-41ae-aa81-b844f8d6b917" />
      <TestMethod codeBase="C:/csharp/veritas 3/Tests/Veritas.Tests/bin/Debug/Veritas.Tests.DLL" adapterTypeName="Microsoft.VisualStudio.TestTools.TestTypes.Unit.UnitTestAdapter, Microsoft.VisualStudio.QualityTools.Tips.UnitTest.Adapter, Version=10.0.0.0, Culture=neutral, PublicKeyToken=b03f5f7f11d50a3a" className="Veritas.Tests.VeritasRepositoryTest, Veritas.Tests, Version=1.0.0.0, Culture=neutral, PublicKeyToken=null" name="GetFeedbackForRSSTest" />
    </UnitTest>
    <UnitTest name="DeleteBlogFeedbackTest" storage="c:\csharp\veritas 3\tests\veritas.tests\bin\debug\veritas.tests.dll" id="1869c27a-e993-ce54-ae8d-43097acfe7b5">
      <Execution id="65f5d9df-8d04-4e78-92b3-a29fc0f3f5f8" />
      <TestMethod codeBase="C:/csharp/veritas 3/Tests/Veritas.Tests/bin/Debug/Veritas.Tests.DLL" adapterTypeName="Microsoft.VisualStudio.TestTools.TestTypes.Unit.UnitTestAdapter, Microsoft.VisualStudio.QualityTools.Tips.UnitTest.Adapter, Version=10.0.0.0, Culture=neutral, PublicKeyToken=b03f5f7f11d50a3a" className="Veritas.Tests.VeritasRepositoryTest, Veritas.Tests, Version=1.0.0.0, Culture=neutral, PublicKeyToken=null" name="DeleteBlogFeedbackTest" />
    </UnitTest>
    <UnitTest name="ChangePasswordTest" storage="c:\csharp\veritas 3\tests\veritas.tests\bin\debug\veritas.tests.dll" id="36229b7c-e11e-405f-d310-8a1627280a02">
      <Execution id="b6297836-85f6-49df-ac09-7f94f4008fc2" />
      <TestMethod codeBase="C:/csharp/veritas 3/Tests/Veritas.Tests/bin/Debug/Veritas.Tests.DLL" adapterTypeName="Microsoft.VisualStudio.TestTools.TestTypes.Unit.UnitTestAdapter, Microsoft.VisualStudio.QualityTools.Tips.UnitTest.Adapter, Version=10.0.0.0, Culture=neutral, PublicKeyToken=b03f5f7f11d50a3a" className="Veritas.Tests.VeritasRepositoryTest, Veritas.Tests, Version=1.0.0.0, Culture=neutral, PublicKeyToken=null" name="ChangePasswordTest" />
    </UnitTest>
    <UnitTest name="UpdateEntryViewCountForWebTest" storage="c:\csharp\veritas 3\tests\veritas.tests\bin\debug\veritas.tests.dll" id="d23de06b-65d4-8455-c8d5-757ad66cadc4">
      <Execution id="e34a0728-73a8-406c-84c8-57c205f86724" />
      <TestMethod codeBase="C:/csharp/veritas 3/Tests/Veritas.Tests/bin/Debug/Veritas.Tests.DLL" adapterTypeName="Microsoft.VisualStudio.TestTools.TestTypes.Unit.UnitTestAdapter, Microsoft.VisualStudio.QualityTools.Tips.UnitTest.Adapter, Version=10.0.0.0, Culture=neutral, PublicKeyToken=b03f5f7f11d50a3a" className="Veritas.Tests.VeritasRepositoryTest, Veritas.Tests, Version=1.0.0.0, Culture=neutral, PublicKeyToken=null" name="UpdateEntryViewCountForWebTest" />
    </UnitTest>
    <UnitTest name="GetAllBlogConfigsTest" storage="c:\csharp\veritas 3\tests\veritas.tests\bin\debug\veritas.tests.dll" id="61b09f33-a84d-6c47-2176-a62ceb3b834b">
      <Execution id="fed8f0a3-cc24-4be3-9e6a-55da4bc9a7c8" />
      <TestMethod codeBase="C:/csharp/veritas 3/Tests/Veritas.Tests/bin/Debug/Veritas.Tests.DLL" adapterTypeName="Microsoft.VisualStudio.TestTools.TestTypes.Unit.UnitTestAdapter, Microsoft.VisualStudio.QualityTools.Tips.UnitTest.Adapter, Version=10.0.0.0, Culture=neutral, PublicKeyToken=b03f5f7f11d50a3a" className="Veritas.Tests.VeritasRepositoryTest, Veritas.Tests, Version=1.0.0.0, Culture=neutral, PublicKeyToken=null" name="GetAllBlogConfigsTest" />
    </UnitTest>
    <UnitTest name="IsUserAuthorTest" storage="c:\csharp\veritas 3\tests\veritas.tests\bin\debug\veritas.tests.dll" id="c3fd992c-7d73-9162-4bb1-c19b72ab56b4">
      <Execution id="baad9f6e-4378-43f8-9382-a5dba543d279" />
      <TestMethod codeBase="C:/csharp/veritas 3/Tests/Veritas.Tests/bin/Debug/Veritas.Tests.DLL" adapterTypeName="Microsoft.VisualStudio.TestTools.TestTypes.Unit.UnitTestAdapter, Microsoft.VisualStudio.QualityTools.Tips.UnitTest.Adapter, Version=10.0.0.0, Culture=neutral, PublicKeyToken=b03f5f7f11d50a3a" className="Veritas.Tests.VeritasRepositoryTest, Veritas.Tests, Version=1.0.0.0, Culture=neutral, PublicKeyToken=null" name="IsUserAuthorTest" />
    </UnitTest>
    <UnitTest name="AddBlogRoleTest" storage="c:\csharp\veritas 3\tests\veritas.tests\bin\debug\veritas.tests.dll" id="8b7a3a0d-042c-87af-c45b-c0ad4d74a982">
      <Execution id="51bf3dce-3f3d-404e-a06b-c2746e711ba8" />
      <TestMethod codeBase="C:/csharp/veritas 3/Tests/Veritas.Tests/bin/Debug/Veritas.Tests.DLL" adapterTypeName="Microsoft.VisualStudio.TestTools.TestTypes.Unit.UnitTestAdapter, Microsoft.VisualStudio.QualityTools.Tips.UnitTest.Adapter, Version=10.0.0.0, Culture=neutral, PublicKeyToken=b03f5f7f11d50a3a" className="Veritas.Tests.VeritasRepositoryTest, Veritas.Tests, Version=1.0.0.0, Culture=neutral, PublicKeyToken=null" name="AddBlogRoleTest" />
    </UnitTest>
    <UnitTest name="DeleteBlogFeedbackAuthorTest" storage="c:\csharp\veritas 3\tests\veritas.tests\bin\debug\veritas.tests.dll" id="37ace099-1128-37d4-2a91-a82f649644a6">
      <Execution id="bdb853a6-374e-4e1d-9510-75751cdf461d" />
      <TestMethod codeBase="C:/csharp/veritas 3/Tests/Veritas.Tests/bin/Debug/Veritas.Tests.DLL" adapterTypeName="Microsoft.VisualStudio.TestTools.TestTypes.Unit.UnitTestAdapter, Microsoft.VisualStudio.QualityTools.Tips.UnitTest.Adapter, Version=10.0.0.0, Culture=neutral, PublicKeyToken=b03f5f7f11d50a3a" className="Veritas.Tests.VeritasRepositoryTest, Veritas.Tests, Version=1.0.0.0, Culture=neutral, PublicKeyToken=null" name="DeleteBlogFeedbackAuthorTest" />
    </UnitTest>
    <UnitTest name="DoesEntryTitleExistTest" storage="c:\csharp\veritas 3\tests\veritas.tests\bin\debug\veritas.tests.dll" id="c82f563e-2472-65c4-c0ec-829ca77722c8">
      <Execution id="e1269cba-4ac9-41fa-bd4c-0e408ca5ff91" />
      <TestMethod codeBase="C:/csharp/veritas 3/Tests/Veritas.Tests/bin/Debug/Veritas.Tests.DLL" adapterTypeName="Microsoft.VisualStudio.TestTools.TestTypes.Unit.UnitTestAdapter, Microsoft.VisualStudio.QualityTools.Tips.UnitTest.Adapter, Version=10.0.0.0, Culture=neutral, PublicKeyToken=b03f5f7f11d50a3a" className="Veritas.Tests.VeritasRepositoryTest, Veritas.Tests, Version=1.0.0.0, Culture=neutral, PublicKeyToken=null" name="DoesEntryTitleExistTest" />
    </UnitTest>
    <UnitTest name="AddBlogEntryCategoryTest" storage="c:\csharp\veritas 3\tests\veritas.tests\bin\debug\veritas.tests.dll" id="01987b87-3a3d-db43-9609-d6303ea08a6b">
      <Execution id="b9009ac5-3cb0-4b41-8b9c-8e4eda1c57b6" />
      <TestMethod codeBase="C:/csharp/veritas 3/Tests/Veritas.Tests/bin/Debug/Veritas.Tests.DLL" adapterTypeName="Microsoft.VisualStudio.TestTools.TestTypes.Unit.UnitTestAdapter, Microsoft.VisualStudio.QualityTools.Tips.UnitTest.Adapter, Version=10.0.0.0, Culture=neutral, PublicKeyToken=b03f5f7f11d50a3a" className="Veritas.Tests.VeritasRepositoryTest, Veritas.Tests, Version=1.0.0.0, Culture=neutral, PublicKeyToken=null" name="AddBlogEntryCategoryTest" />
    </UnitTest>
    <UnitTest name="GetRolesForUserTest" storage="c:\csharp\veritas 3\tests\veritas.tests\bin\debug\veritas.tests.dll" id="a26c9cbb-705c-d281-2c59-aa583852ac80">
      <Execution id="e544f22a-620c-4298-9d94-acc5f9d69c0f" />
      <TestMethod codeBase="C:/csharp/veritas 3/Tests/Veritas.Tests/bin/Debug/Veritas.Tests.DLL" adapterTypeName="Microsoft.VisualStudio.TestTools.TestTypes.Unit.UnitTestAdapter, Microsoft.VisualStudio.QualityTools.Tips.UnitTest.Adapter, Version=10.0.0.0, Culture=neutral, PublicKeyToken=b03f5f7f11d50a3a" className="Veritas.Tests.VeritasRepositoryTest, Veritas.Tests, Version=1.0.0.0, Culture=neutral, PublicKeyToken=null" name="GetRolesForUserTest" />
    </UnitTest>
    <UnitTest name="AddBlogCategoryTest" storage="c:\csharp\veritas 3\tests\veritas.tests\bin\debug\veritas.tests.dll" id="b0df2616-61bf-71de-a7bd-47ff2b15d236">
      <Execution id="415c5359-8ef5-4cd5-8866-0efe96198d4d" />
      <TestMethod codeBase="C:/csharp/veritas 3/Tests/Veritas.Tests/bin/Debug/Veritas.Tests.DLL" adapterTypeName="Microsoft.VisualStudio.TestTools.TestTypes.Unit.UnitTestAdapter, Microsoft.VisualStudio.QualityTools.Tips.UnitTest.Adapter, Version=10.0.0.0, Culture=neutral, PublicKeyToken=b03f5f7f11d50a3a" className="Veritas.Tests.VeritasRepositoryTest, Veritas.Tests, Version=1.0.0.0, Culture=neutral, PublicKeyToken=null" name="AddBlogCategoryTest" />
    </UnitTest>
    <UnitTest name="DeleteBlogEntryCategoryTest" storage="c:\csharp\veritas 3\tests\veritas.tests\bin\debug\veritas.tests.dll" id="a925c3a4-eed3-17c5-a249-f29a0ff63ed6">
      <Execution id="851ea579-e814-4b46-aa4a-2b2c6a656589" />
      <TestMethod codeBase="C:/csharp/veritas 3/Tests/Veritas.Tests/bin/Debug/Veritas.Tests.DLL" adapterTypeName="Microsoft.VisualStudio.TestTools.TestTypes.Unit.UnitTestAdapter, Microsoft.VisualStudio.QualityTools.Tips.UnitTest.Adapter, Version=10.0.0.0, Culture=neutral, PublicKeyToken=b03f5f7f11d50a3a" className="Veritas.Tests.VeritasRepositoryTest, Veritas.Tests, Version=1.0.0.0, Culture=neutral, PublicKeyToken=null" name="DeleteBlogEntryCategoryTest" />
    </UnitTest>
    <UnitTest name="AddBlogMediaTest" storage="c:\csharp\veritas 3\tests\veritas.tests\bin\debug\veritas.tests.dll" id="97be4ddb-9491-09af-23fc-591644993d18">
      <Execution id="9ce9a412-d9a1-4aa3-887e-e88e44275f57" />
      <TestMethod codeBase="C:/csharp/veritas 3/Tests/Veritas.Tests/bin/Debug/Veritas.Tests.DLL" adapterTypeName="Microsoft.VisualStudio.TestTools.TestTypes.Unit.UnitTestAdapter, Microsoft.VisualStudio.QualityTools.Tips.UnitTest.Adapter, Version=10.0.0.0, Culture=neutral, PublicKeyToken=b03f5f7f11d50a3a" className="Veritas.Tests.VeritasRepositoryTest, Veritas.Tests, Version=1.0.0.0, Culture=neutral, PublicKeyToken=null" name="AddBlogMediaTest" />
    </UnitTest>
    <UnitTest name="AddBlogFeedbackTest" storage="c:\csharp\veritas 3\tests\veritas.tests\bin\debug\veritas.tests.dll" id="b4e556fb-0ea0-19cc-b9f9-56dab34cad84">
      <Execution id="e78d3970-1ae8-4879-9a04-205ea9645690" />
      <TestMethod codeBase="C:/csharp/veritas 3/Tests/Veritas.Tests/bin/Debug/Veritas.Tests.DLL" adapterTypeName="Microsoft.VisualStudio.TestTools.TestTypes.Unit.UnitTestAdapter, Microsoft.VisualStudio.QualityTools.Tips.UnitTest.Adapter, Version=10.0.0.0, Culture=neutral, PublicKeyToken=b03f5f7f11d50a3a" className="Veritas.Tests.VeritasRepositoryTest, Veritas.Tests, Version=1.0.0.0, Culture=neutral, PublicKeyToken=null" name="AddBlogFeedbackTest" />
    </UnitTest>
    <UnitTest name="SaveEntryCategoryAssociationTest" storage="c:\csharp\veritas 3\tests\veritas.tests\bin\debug\veritas.tests.dll" id="042b6979-c19a-ccbf-dc3a-0097b07257a8">
      <Execution id="73101628-45d1-4289-ac69-84e3baf64616" />
      <TestMethod codeBase="C:/csharp/veritas 3/Tests/Veritas.Tests/bin/Debug/Veritas.Tests.DLL" adapterTypeName="Microsoft.VisualStudio.TestTools.TestTypes.Unit.UnitTestAdapter, Microsoft.VisualStudio.QualityTools.Tips.UnitTest.Adapter, Version=10.0.0.0, Culture=neutral, PublicKeyToken=b03f5f7f11d50a3a" className="Veritas.Tests.VeritasRepositoryTest, Veritas.Tests, Version=1.0.0.0, Culture=neutral, PublicKeyToken=null" name="SaveEntryCategoryAssociationTest" />
    </UnitTest>
    <UnitTest name="GetEntryByEntryNameAndBlogConfigIDTest" storage="c:\csharp\veritas 3\tests\veritas.tests\bin\debug\veritas.tests.dll" id="40112a03-71da-3b8f-6c9c-cbc7fe86d163">
      <Execution id="8606c79d-135d-4f11-a52d-fdfd64e89500" />
      <TestMethod codeBase="C:/csharp/veritas 3/Tests/Veritas.Tests/bin/Debug/Veritas.Tests.DLL" adapterTypeName="Microsoft.VisualStudio.TestTools.TestTypes.Unit.UnitTestAdapter, Microsoft.VisualStudio.QualityTools.Tips.UnitTest.Adapter, Version=10.0.0.0, Culture=neutral, PublicKeyToken=b03f5f7f11d50a3a" className="Veritas.Tests.VeritasRepositoryTest, Veritas.Tests, Version=1.0.0.0, Culture=neutral, PublicKeyToken=null" name="GetEntryByEntryNameAndBlogConfigIDTest" />
    </UnitTest>
    <UnitTest name="AddBlogUserRoleTest" storage="c:\csharp\veritas 3\tests\veritas.tests\bin\debug\veritas.tests.dll" id="c20da52c-e354-0953-79b7-81d22629dba1">
      <Execution id="c1c32f37-36a5-4766-be56-3c3b18012ab2" />
      <TestMethod codeBase="C:/csharp/veritas 3/Tests/Veritas.Tests/bin/Debug/Veritas.Tests.DLL" adapterTypeName="Microsoft.VisualStudio.TestTools.TestTypes.Unit.UnitTestAdapter, Microsoft.VisualStudio.QualityTools.Tips.UnitTest.Adapter, Version=10.0.0.0, Culture=neutral, PublicKeyToken=b03f5f7f11d50a3a" className="Veritas.Tests.VeritasRepositoryTest, Veritas.Tests, Version=1.0.0.0, Culture=neutral, PublicKeyToken=null" name="AddBlogUserRoleTest" />
    </UnitTest>
    <UnitTest name="GetInstanceTest" storage="c:\csharp\veritas 3\tests\veritas.tests\bin\debug\veritas.tests.dll" id="da025daa-9a08-5d83-0a31-8339d11dde9a">
      <Execution id="2ecdfb5c-dd5e-4c99-85c2-64298de97edd" />
      <TestMethod codeBase="C:/csharp/veritas 3/Tests/Veritas.Tests/bin/Debug/Veritas.Tests.DLL" adapterTypeName="Microsoft.VisualStudio.TestTools.TestTypes.Unit.UnitTestAdapter, Microsoft.VisualStudio.QualityTools.Tips.UnitTest.Adapter, Version=10.0.0.0, Culture=neutral, PublicKeyToken=b03f5f7f11d50a3a" className="Veritas.Tests.VeritasRepositoryTest, Veritas.Tests, Version=1.0.0.0, Culture=neutral, PublicKeyToken=null" name="GetInstanceTest" />
    </UnitTest>
    <UnitTest name="DeleteBlogMediaTest" storage="c:\csharp\veritas 3\tests\veritas.tests\bin\debug\veritas.tests.dll" id="53becad3-33a7-00ee-0240-9413a3aa2dc9">
      <Execution id="1fbacd08-a6b1-492d-adb4-1a6aab4ab20e" />
      <TestMethod codeBase="C:/csharp/veritas 3/Tests/Veritas.Tests/bin/Debug/Veritas.Tests.DLL" adapterTypeName="Microsoft.VisualStudio.TestTools.TestTypes.Unit.UnitTestAdapter, Microsoft.VisualStudio.QualityTools.Tips.UnitTest.Adapter, Version=10.0.0.0, Culture=neutral, PublicKeyToken=b03f5f7f11d50a3a" className="Veritas.Tests.VeritasRepositoryTest, Veritas.Tests, Version=1.0.0.0, Culture=neutral, PublicKeyToken=null" name="DeleteBlogMediaTest" />
    </UnitTest>
    <UnitTest name="DeleteRoleTest" storage="c:\csharp\veritas 3\tests\veritas.tests\bin\debug\veritas.tests.dll" id="0b5551a8-44fe-0086-cd48-840ba46daa4c">
      <Execution id="627f49c1-1177-4706-bf72-98b59b0fc76d" />
      <TestMethod codeBase="C:/csharp/veritas 3/Tests/Veritas.Tests/bin/Debug/Veritas.Tests.DLL" adapterTypeName="Microsoft.VisualStudio.TestTools.TestTypes.Unit.UnitTestAdapter, Microsoft.VisualStudio.QualityTools.Tips.UnitTest.Adapter, Version=10.0.0.0, Culture=neutral, PublicKeyToken=b03f5f7f11d50a3a" className="Veritas.Tests.VeritasRepositoryTest, Veritas.Tests, Version=1.0.0.0, Culture=neutral, PublicKeyToken=null" name="DeleteRoleTest" />
    </UnitTest>
    <UnitTest name="GetRecentEntriesTest" storage="c:\csharp\veritas 3\tests\veritas.tests\bin\debug\veritas.tests.dll" id="86ae8cf4-3833-2fad-c57d-65e1cca1a97e">
      <Execution id="a4ddf0f8-c171-49ea-8dc2-dea91c71c436" />
      <TestMethod codeBase="C:/csharp/veritas 3/Tests/Veritas.Tests/bin/Debug/Veritas.Tests.DLL" adapterTypeName="Microsoft.VisualStudio.TestTools.TestTypes.Unit.UnitTestAdapter, Microsoft.VisualStudio.QualityTools.Tips.UnitTest.Adapter, Version=10.0.0.0, Culture=neutral, PublicKeyToken=b03f5f7f11d50a3a" className="Veritas.Tests.VeritasRepositoryTest, Veritas.Tests, Version=1.0.0.0, Culture=neutral, PublicKeyToken=null" name="GetRecentEntriesTest" />
    </UnitTest>
    <UnitTest name="LogToFileExceptionTest" storage="c:\csharp\veritas 3\tests\veritas.tests\bin\debug\veritas.tests.dll" id="e4773567-3b44-5087-89c9-4a1812d30763">
      <Execution id="1088c239-e395-4733-bfa7-1fa757235ff9" />
      <TestMethod codeBase="C:/csharp/veritas 3/Tests/Veritas.Tests/bin/Debug/Veritas.Tests.DLL" adapterTypeName="Microsoft.VisualStudio.TestTools.TestTypes.Unit.UnitTestAdapter, Microsoft.VisualStudio.QualityTools.Tips.UnitTest.Adapter, Version=10.0.0.0, Culture=neutral, PublicKeyToken=b03f5f7f11d50a3a" className="Veritas.Tests.LoggingHandlerTest, Veritas.Tests, Version=1.0.0.0, Culture=neutral, PublicKeyToken=null" name="LogToFileExceptionTest" />
    </UnitTest>
    <UnitTest name="GetEntriesForRSSTest" storage="c:\csharp\veritas 3\tests\veritas.tests\bin\debug\veritas.tests.dll" id="464b4773-3c3d-7907-26d3-b60de49d5985">
      <Execution id="582d4e17-cad3-4962-8f18-fe5d4c41f760" />
      <TestMethod codeBase="C:/csharp/veritas 3/Tests/Veritas.Tests/bin/Debug/Veritas.Tests.DLL" adapterTypeName="Microsoft.VisualStudio.TestTools.TestTypes.Unit.UnitTestAdapter, Microsoft.VisualStudio.QualityTools.Tips.UnitTest.Adapter, Version=10.0.0.0, Culture=neutral, PublicKeyToken=b03f5f7f11d50a3a" className="Veritas.Tests.VeritasRepositoryTest, Veritas.Tests, Version=1.0.0.0, Culture=neutral, PublicKeyToken=null" name="GetEntriesForRSSTest" />
    </UnitTest>
    <UnitTest name="HtmlHelperTest" storage="c:\csharp\veritas 3\tests\veritas.tests\bin\debug\veritas.tests.dll" id="337b107f-1e00-0d6b-e2d1-32688c0a2d69">
      <Execution id="cf86be69-34f4-478f-b8a3-009317d9aa83" />
      <TestMethod codeBase="C:/csharp/veritas 3/Tests/Veritas.Tests/bin/Debug/Veritas.Tests.DLL" adapterTypeName="Microsoft.VisualStudio.TestTools.TestTypes.Unit.UnitTestAdapter, Microsoft.VisualStudio.QualityTools.Tips.UnitTest.Adapter, Version=10.0.0.0, Culture=neutral, PublicKeyToken=b03f5f7f11d50a3a" className="Veritas.Tests.VeritasFormTest, Veritas.Tests, Version=1.0.0.0, Culture=neutral, PublicKeyToken=null" name="HtmlHelperTest" />
    </UnitTest>
    <UnitTest name="GetBlacklistsForEmailAddressesTest" storage="c:\csharp\veritas 3\tests\veritas.tests\bin\debug\veritas.tests.dll" id="2e1a565c-54b6-6d27-d1fd-b82cf7050f9f">
      <Execution id="c6fe96a5-5cda-40b5-afea-a6cb65f70072" />
      <TestMethod codeBase="C:/csharp/veritas 3/Tests/Veritas.Tests/bin/Debug/Veritas.Tests.DLL" adapterTypeName="Microsoft.VisualStudio.TestTools.TestTypes.Unit.UnitTestAdapter, Microsoft.VisualStudio.QualityTools.Tips.UnitTest.Adapter, Version=10.0.0.0, Culture=neutral, PublicKeyToken=b03f5f7f11d50a3a" className="Veritas.Tests.VeritasRepositoryTest, Veritas.Tests, Version=1.0.0.0, Culture=neutral, PublicKeyToken=null" name="GetBlacklistsForEmailAddressesTest" />
    </UnitTest>
    <UnitTest name="GetBlogConfigByHostnameTest" storage="c:\csharp\veritas 3\tests\veritas.tests\bin\debug\veritas.tests.dll" id="3dfb5b00-6af1-8a3a-ef1c-5ceec79b8cef">
      <Execution id="0cbcbf17-5ddc-4b02-b231-041f0ce44832" />
      <TestMethod codeBase="C:/csharp/veritas 3/Tests/Veritas.Tests/bin/Debug/Veritas.Tests.DLL" adapterTypeName="Microsoft.VisualStudio.TestTools.TestTypes.Unit.UnitTestAdapter, Microsoft.VisualStudio.QualityTools.Tips.UnitTest.Adapter, Version=10.0.0.0, Culture=neutral, PublicKeyToken=b03f5f7f11d50a3a" className="Veritas.Tests.VeritasRepositoryTest, Veritas.Tests, Version=1.0.0.0, Culture=neutral, PublicKeyToken=null" name="GetBlogConfigByHostnameTest" />
    </UnitTest>
    <UnitTest name="GetBlogCategoryByCategoryIdTest" storage="c:\csharp\veritas 3\tests\veritas.tests\bin\debug\veritas.tests.dll" id="9dd330af-5fac-7a94-8223-43d6eccab16e">
      <Execution id="77d099cd-817a-4398-b7fe-dc300f374f7a" />
      <TestMethod codeBase="C:/csharp/veritas 3/Tests/Veritas.Tests/bin/Debug/Veritas.Tests.DLL" adapterTypeName="Microsoft.VisualStudio.TestTools.TestTypes.Unit.UnitTestAdapter, Microsoft.VisualStudio.QualityTools.Tips.UnitTest.Adapter, Version=10.0.0.0, Culture=neutral, PublicKeyToken=b03f5f7f11d50a3a" className="Veritas.Tests.VeritasRepositoryTest, Veritas.Tests, Version=1.0.0.0, Culture=neutral, PublicKeyToken=null" name="GetBlogCategoryByCategoryIdTest" />
    </UnitTest>
    <UnitTest name="AddBlogPageTest" storage="c:\csharp\veritas 3\tests\veritas.tests\bin\debug\veritas.tests.dll" id="50d2e327-01c8-4afe-af7a-33efde48d29a">
      <Execution id="99230214-c7eb-4b25-aa2a-de91f4b0f969" />
      <TestMethod codeBase="C:/csharp/veritas 3/Tests/Veritas.Tests/bin/Debug/Veritas.Tests.DLL" adapterTypeName="Microsoft.VisualStudio.TestTools.TestTypes.Unit.UnitTestAdapter, Microsoft.VisualStudio.QualityTools.Tips.UnitTest.Adapter, Version=10.0.0.0, Culture=neutral, PublicKeyToken=b03f5f7f11d50a3a" className="Veritas.Tests.VeritasRepositoryTest, Veritas.Tests, Version=1.0.0.0, Culture=neutral, PublicKeyToken=null" name="AddBlogPageTest" />
    </UnitTest>
    <UnitTest name="DeleteBlogUserTest" storage="c:\csharp\veritas 3\tests\veritas.tests\bin\debug\veritas.tests.dll" id="63d2c77d-2f2a-4f48-15e6-e83e7f4bcded">
      <Execution id="dc249605-853c-45cf-802e-00d5424dc4fc" />
      <TestMethod codeBase="C:/csharp/veritas 3/Tests/Veritas.Tests/bin/Debug/Veritas.Tests.DLL" adapterTypeName="Microsoft.VisualStudio.TestTools.TestTypes.Unit.UnitTestAdapter, Microsoft.VisualStudio.QualityTools.Tips.UnitTest.Adapter, Version=10.0.0.0, Culture=neutral, PublicKeyToken=b03f5f7f11d50a3a" className="Veritas.Tests.VeritasRepositoryTest, Veritas.Tests, Version=1.0.0.0, Culture=neutral, PublicKeyToken=null" name="DeleteBlogUserTest" />
    </UnitTest>
    <UnitTest name="DoesCategoryExistTest" storage="c:\csharp\veritas 3\tests\veritas.tests\bin\debug\veritas.tests.dll" id="11bc5341-5162-cad2-945c-c25f636c9c39">
      <Execution id="9ae1d501-28cc-4469-933d-429e3c4ceb1b" />
      <TestMethod codeBase="C:/csharp/veritas 3/Tests/Veritas.Tests/bin/Debug/Veritas.Tests.DLL" adapterTypeName="Microsoft.VisualStudio.TestTools.TestTypes.Unit.UnitTestAdapter, Microsoft.VisualStudio.QualityTools.Tips.UnitTest.Adapter, Version=10.0.0.0, Culture=neutral, PublicKeyToken=b03f5f7f11d50a3a" className="Veritas.Tests.VeritasRepositoryTest, Veritas.Tests, Version=1.0.0.0, Culture=neutral, PublicKeyToken=null" name="DoesCategoryExistTest" />
    </UnitTest>
    <UnitTest name="GetTotalEntriesByBlogConfigIdAndCategoryTest" storage="c:\csharp\veritas 3\tests\veritas.tests\bin\debug\veritas.tests.dll" id="0364fa97-23e8-9d43-8c56-804653725181">
      <Execution id="38d707d1-8dd0-4964-8639-9f2d63a9c4c5" />
      <TestMethod codeBase="C:/csharp/veritas 3/Tests/Veritas.Tests/bin/Debug/Veritas.Tests.DLL" adapterTypeName="Microsoft.VisualStudio.TestTools.TestTypes.Unit.UnitTestAdapter, Microsoft.VisualStudio.QualityTools.Tips.UnitTest.Adapter, Version=10.0.0.0, Culture=neutral, PublicKeyToken=b03f5f7f11d50a3a" className="Veritas.Tests.VeritasRepositoryTest, Veritas.Tests, Version=1.0.0.0, Culture=neutral, PublicKeyToken=null" name="GetTotalEntriesByBlogConfigIdAndCategoryTest" />
    </UnitTest>
    <UnitTest name="GetEntriesForCategoryFromStartPointTest" storage="c:\csharp\veritas 3\tests\veritas.tests\bin\debug\veritas.tests.dll" id="9778e568-10cb-7dc9-3109-8e9ae94a0b38">
      <Execution id="bd758753-76e1-4929-9998-057b24fddbc7" />
      <TestMethod codeBase="C:/csharp/veritas 3/Tests/Veritas.Tests/bin/Debug/Veritas.Tests.DLL" adapterTypeName="Microsoft.VisualStudio.TestTools.TestTypes.Unit.UnitTestAdapter, Microsoft.VisualStudio.QualityTools.Tips.UnitTest.Adapter, Version=10.0.0.0, Culture=neutral, PublicKeyToken=b03f5f7f11d50a3a" className="Veritas.Tests.VeritasRepositoryTest, Veritas.Tests, Version=1.0.0.0, Culture=neutral, PublicKeyToken=null" name="GetEntriesForCategoryFromStartPointTest" />
    </UnitTest>
    <UnitTest name="LoadConfigFromXmlTest" storage="c:\csharp\veritas 3\tests\veritas.tests\bin\debug\veritas.tests.dll" id="4d878c16-385d-d610-2cbf-7652a010b362">
      <Execution id="b3cd007c-5b3a-4c70-b745-de24b0063e39" />
      <TestMethod codeBase="C:/csharp/veritas 3/Tests/Veritas.Tests/bin/Debug/Veritas.Tests.DLL" adapterTypeName="Microsoft.VisualStudio.TestTools.TestTypes.Unit.UnitTestAdapter, Microsoft.VisualStudio.QualityTools.Tips.UnitTest.Adapter, Version=10.0.0.0, Culture=neutral, PublicKeyToken=b03f5f7f11d50a3a" className="Veritas.Tests.BlogConfigTest, Veritas.Tests, Version=1.0.0.0, Culture=neutral, PublicKeyToken=null" name="LoadConfigFromXmlTest" />
    </UnitTest>
    <UnitTest name="GetBlogRoleByRoleIdTest" storage="c:\csharp\veritas 3\tests\veritas.tests\bin\debug\veritas.tests.dll" id="4ee74a38-b2ca-4d6c-c0b4-9bfac1daa8c2">
      <Execution id="e2cfcdb0-36b1-480a-9db4-72a1bcc21cd0" />
      <TestMethod codeBase="C:/csharp/veritas 3/Tests/Veritas.Tests/bin/Debug/Veritas.Tests.DLL" adapterTypeName="Microsoft.VisualStudio.TestTools.TestTypes.Unit.UnitTestAdapter, Microsoft.VisualStudio.QualityTools.Tips.UnitTest.Adapter, Version=10.0.0.0, Culture=neutral, PublicKeyToken=b03f5f7f11d50a3a" className="Veritas.Tests.VeritasRepositoryTest, Veritas.Tests, Version=1.0.0.0, Culture=neutral, PublicKeyToken=null" name="GetBlogRoleByRoleIdTest" />
    </UnitTest>
    <UnitTest name="GetBlogConfigByBlogConfigIdTest" storage="c:\csharp\veritas 3\tests\veritas.tests\bin\debug\veritas.tests.dll" id="50198a28-809b-3300-f57d-0d89ee5bc4e4">
      <Execution id="009995cc-f082-4608-bdc2-9ee418988ef0" />
      <TestMethod codeBase="C:/csharp/veritas 3/Tests/Veritas.Tests/bin/Debug/Veritas.Tests.DLL" adapterTypeName="Microsoft.VisualStudio.TestTools.TestTypes.Unit.UnitTestAdapter, Microsoft.VisualStudio.QualityTools.Tips.UnitTest.Adapter, Version=10.0.0.0, Culture=neutral, PublicKeyToken=b03f5f7f11d50a3a" className="Veritas.Tests.VeritasRepositoryTest, Veritas.Tests, Version=1.0.0.0, Culture=neutral, PublicKeyToken=null" name="GetBlogConfigByBlogConfigIdTest" />
    </UnitTest>
    <UnitTest name="GetBlogConfigTest" storage="c:\csharp\veritas 3\tests\veritas.tests\bin\debug\veritas.tests.dll" id="11f1d2f1-9bd3-067f-5722-3beb4d7ed102">
      <Execution id="2cdf32a4-fa7f-4587-b664-035a57b02228" />
      <TestMethod codeBase="C:/csharp/veritas 3/Tests/Veritas.Tests/bin/Debug/Veritas.Tests.DLL" adapterTypeName="Microsoft.VisualStudio.TestTools.TestTypes.Unit.UnitTestAdapter, Microsoft.VisualStudio.QualityTools.Tips.UnitTest.Adapter, Version=10.0.0.0, Culture=neutral, PublicKeyToken=b03f5f7f11d50a3a" className="Veritas.Tests.CacheHandlerTest, Veritas.Tests, Version=1.0.0.0, Culture=neutral, PublicKeyToken=null" name="GetBlogConfigTest" />
    </UnitTest>
    <UnitTest name="AddBlogFeedbackAuthorTest" storage="c:\csharp\veritas 3\tests\veritas.tests\bin\debug\veritas.tests.dll" id="d4ec15b4-22c1-3ec0-3bec-7dcaca3dc698">
      <Execution id="ef671db7-d4ad-42fa-a76f-da11bd822b40" />
      <TestMethod codeBase="C:/csharp/veritas 3/Tests/Veritas.Tests/bin/Debug/Veritas.Tests.DLL" adapterTypeName="Microsoft.VisualStudio.TestTools.TestTypes.Unit.UnitTestAdapter, Microsoft.VisualStudio.QualityTools.Tips.UnitTest.Adapter, Version=10.0.0.0, Culture=neutral, PublicKeyToken=b03f5f7f11d50a3a" className="Veritas.Tests.VeritasRepositoryTest, Veritas.Tests, Version=1.0.0.0, Culture=neutral, PublicKeyToken=null" name="AddBlogFeedbackAuthorTest" />
    </UnitTest>
    <UnitTest name="GetEntryByEntryIDBlogConfigIDTest" storage="c:\csharp\veritas 3\tests\veritas.tests\bin\debug\veritas.tests.dll" id="55ae4fb6-83e5-44c9-a1b2-9e3e3be1625f">
      <Execution id="c764fbc3-af99-4df7-9c9c-fd8f23e1973e" />
      <TestMethod codeBase="C:/csharp/veritas 3/Tests/Veritas.Tests/bin/Debug/Veritas.Tests.DLL" adapterTypeName="Microsoft.VisualStudio.TestTools.TestTypes.Unit.UnitTestAdapter, Microsoft.VisualStudio.QualityTools.Tips.UnitTest.Adapter, Version=10.0.0.0, Culture=neutral, PublicKeyToken=b03f5f7f11d50a3a" className="Veritas.Tests.VeritasRepositoryTest, Veritas.Tests, Version=1.0.0.0, Culture=neutral, PublicKeyToken=null" name="GetEntryByEntryIDBlogConfigIDTest" />
    </UnitTest>
    <UnitTest name="AddBlogEntryViewCountTest" storage="c:\csharp\veritas 3\tests\veritas.tests\bin\debug\veritas.tests.dll" id="d47eb6dc-d325-8764-e966-be911a123673">
      <Execution id="45db9650-9766-4b17-94bb-0f571ebb201a" />
      <TestMethod codeBase="C:/csharp/veritas 3/Tests/Veritas.Tests/bin/Debug/Veritas.Tests.DLL" adapterTypeName="Microsoft.VisualStudio.TestTools.TestTypes.Unit.UnitTestAdapter, Microsoft.VisualStudio.QualityTools.Tips.UnitTest.Adapter, Version=10.0.0.0, Culture=neutral, PublicKeyToken=b03f5f7f11d50a3a" className="Veritas.Tests.VeritasRepositoryTest, Veritas.Tests, Version=1.0.0.0, Culture=neutral, PublicKeyToken=null" name="AddBlogEntryViewCountTest" />
    </UnitTest>
    <UnitTest name="VeritasRepositoryConstructorTest" storage="c:\csharp\veritas 3\tests\veritas.tests\bin\debug\veritas.tests.dll" id="c40e72ea-ff25-e206-6801-077c4224a59f">
      <DeploymentItems>
        <DeploymentItem filename="Veritas.DataLayer.dll" />
      </DeploymentItems>
      <Execution id="6773e655-ec95-42d5-b0c2-98bb7d6729fb" />
      <TestMethod codeBase="C:/csharp/veritas 3/Tests/Veritas.Tests/bin/Debug/Veritas.Tests.DLL" adapterTypeName="Microsoft.VisualStudio.TestTools.TestTypes.Unit.UnitTestAdapter, Microsoft.VisualStudio.QualityTools.Tips.UnitTest.Adapter, Version=10.0.0.0, Culture=neutral, PublicKeyToken=b03f5f7f11d50a3a" className="Veritas.Tests.VeritasRepositoryTest, Veritas.Tests, Version=1.0.0.0, Culture=neutral, PublicKeyToken=null" name="VeritasRepositoryConstructorTest" />
    </UnitTest>
    <UnitTest name="AddBlogConfigTest" storage="c:\csharp\veritas 3\tests\veritas.tests\bin\debug\veritas.tests.dll" id="21b7a273-8964-49b4-1439-13e55128b365">
      <Execution id="070b30ca-e7fa-494c-821a-140bc890205f" />
      <TestMethod codeBase="C:/csharp/veritas 3/Tests/Veritas.Tests/bin/Debug/Veritas.Tests.DLL" adapterTypeName="Microsoft.VisualStudio.TestTools.TestTypes.Unit.UnitTestAdapter, Microsoft.VisualStudio.QualityTools.Tips.UnitTest.Adapter, Version=10.0.0.0, Culture=neutral, PublicKeyToken=b03f5f7f11d50a3a" className="Veritas.Tests.VeritasRepositoryTest, Veritas.Tests, Version=1.0.0.0, Culture=neutral, PublicKeyToken=null" name="AddBlogConfigTest" />
    </UnitTest>
    <UnitTest name="ValidateUserTest" storage="c:\csharp\veritas 3\tests\veritas.tests\bin\debug\veritas.tests.dll" id="20f7f4a8-afae-4576-30d3-e1fe95b35b4f">
      <Execution id="8f657630-cd0e-4aab-a7f6-56ac2e614cbb" />
      <TestMethod codeBase="C:/csharp/veritas 3/Tests/Veritas.Tests/bin/Debug/Veritas.Tests.DLL" adapterTypeName="Microsoft.VisualStudio.TestTools.TestTypes.Unit.UnitTestAdapter, Microsoft.VisualStudio.QualityTools.Tips.UnitTest.Adapter, Version=10.0.0.0, Culture=neutral, PublicKeyToken=b03f5f7f11d50a3a" className="Veritas.Tests.VeritasRepositoryTest, Veritas.Tests, Version=1.0.0.0, Culture=neutral, PublicKeyToken=null" name="ValidateUserTest" />
    </UnitTest>
    <UnitTest name="GetBlogFeedbacksByBlogConfigIdTest" storage="c:\csharp\veritas 3\tests\veritas.tests\bin\debug\veritas.tests.dll" id="09fc2a4a-d918-660e-dcfd-d5c6c4c3fdda">
      <Execution id="b47e197a-746d-482d-8ed0-3e6528a2c2ac" />
      <TestMethod codeBase="C:/csharp/veritas 3/Tests/Veritas.Tests/bin/Debug/Veritas.Tests.DLL" adapterTypeName="Microsoft.VisualStudio.TestTools.TestTypes.Unit.UnitTestAdapter, Microsoft.VisualStudio.QualityTools.Tips.UnitTest.Adapter, Version=10.0.0.0, Culture=neutral, PublicKeyToken=b03f5f7f11d50a3a" className="Veritas.Tests.VeritasRepositoryTest, Veritas.Tests, Version=1.0.0.0, Culture=neutral, PublicKeyToken=null" name="GetBlogFeedbacksByBlogConfigIdTest" />
    </UnitTest>
  </TestDefinitions>
  <TestLists>
    <TestList name="Results Not in a List" id="8c84fa94-04c1-424b-9868-57a2d4851a1d" />
    <TestList name="All Loaded Results" id="19431567-8539-422a-85d7-44ee4e166bda" />
  </TestLists>
  <TestEntries>
    <TestEntry testId="01987b87-3a3d-db43-9609-d6303ea08a6b" executionId="b9009ac5-3cb0-4b41-8b9c-8e4eda1c57b6" testListId="8c84fa94-04c1-424b-9868-57a2d4851a1d" />
    <TestEntry testId="026b8766-739e-be5a-bbeb-7fe4653d0b92" executionId="590c1904-b4b5-41ae-aa81-b844f8d6b917" testListId="8c84fa94-04c1-424b-9868-57a2d4851a1d" />
    <TestEntry testId="0364fa97-23e8-9d43-8c56-804653725181" executionId="38d707d1-8dd0-4964-8639-9f2d63a9c4c5" testListId="8c84fa94-04c1-424b-9868-57a2d4851a1d" />
    <TestEntry testId="042b6979-c19a-ccbf-dc3a-0097b07257a8" executionId="73101628-45d1-4289-ac69-84e3baf64616" testListId="8c84fa94-04c1-424b-9868-57a2d4851a1d" />
    <TestEntry testId="09fc2a4a-d918-660e-dcfd-d5c6c4c3fdda" executionId="b47e197a-746d-482d-8ed0-3e6528a2c2ac" testListId="8c84fa94-04c1-424b-9868-57a2d4851a1d" />
    <TestEntry testId="0b5551a8-44fe-0086-cd48-840ba46daa4c" executionId="627f49c1-1177-4706-bf72-98b59b0fc76d" testListId="8c84fa94-04c1-424b-9868-57a2d4851a1d" />
    <TestEntry testId="11bc5341-5162-cad2-945c-c25f636c9c39" executionId="9ae1d501-28cc-4469-933d-429e3c4ceb1b" testListId="8c84fa94-04c1-424b-9868-57a2d4851a1d" />
    <TestEntry testId="11f1d2f1-9bd3-067f-5722-3beb4d7ed102" executionId="2cdf32a4-fa7f-4587-b664-035a57b02228" testListId="8c84fa94-04c1-424b-9868-57a2d4851a1d" />
    <TestEntry testId="139ab3b5-06ed-b3a1-e294-00471518491c" executionId="ac11d635-0a8b-499c-b835-339619b39715" testListId="8c84fa94-04c1-424b-9868-57a2d4851a1d" />
    <TestEntry testId="1869c27a-e993-ce54-ae8d-43097acfe7b5" executionId="65f5d9df-8d04-4e78-92b3-a29fc0f3f5f8" testListId="8c84fa94-04c1-424b-9868-57a2d4851a1d" />
    <TestEntry testId="1c19cc4a-22e0-ca4d-ad5c-b13ae32c220d" executionId="d2386fdf-8707-452e-8f56-1cf58d7c7f6b" testListId="8c84fa94-04c1-424b-9868-57a2d4851a1d" />
    <TestEntry testId="1eb74fa0-cd49-400c-0d57-14a1a55376e2" executionId="cb3eaa7a-2527-4d6c-8548-e8d9602096c1" testListId="8c84fa94-04c1-424b-9868-57a2d4851a1d" />
    <TestEntry testId="20f7f4a8-afae-4576-30d3-e1fe95b35b4f" executionId="8f657630-cd0e-4aab-a7f6-56ac2e614cbb" testListId="8c84fa94-04c1-424b-9868-57a2d4851a1d" />
    <TestEntry testId="21b7a273-8964-49b4-1439-13e55128b365" executionId="070b30ca-e7fa-494c-821a-140bc890205f" testListId="8c84fa94-04c1-424b-9868-57a2d4851a1d" />
    <TestEntry testId="2393ba0f-b8d8-09f4-703d-82bed950d692" executionId="c6207192-114c-4569-9a1f-056617dfae2f" testListId="8c84fa94-04c1-424b-9868-57a2d4851a1d" />
    <TestEntry testId="2e1a565c-54b6-6d27-d1fd-b82cf7050f9f" executionId="c6fe96a5-5cda-40b5-afea-a6cb65f70072" testListId="8c84fa94-04c1-424b-9868-57a2d4851a1d" />
    <TestEntry testId="2e41ee7b-fef3-3171-340b-af54e8e4e820" executionId="d3d2e384-0a39-409d-a194-ab019ada62b6" testListId="8c84fa94-04c1-424b-9868-57a2d4851a1d" />
    <TestEntry testId="32df1724-5104-3e56-cb1c-e855f7d33c78" executionId="509d9ee1-1427-44d0-817a-1c0df024a468" testListId="8c84fa94-04c1-424b-9868-57a2d4851a1d" />
    <TestEntry testId="32ea4c9f-3078-f85d-0e69-a67efb28c540" executionId="a5ac3aa4-1a9f-4e37-a5f3-34a741b41926" testListId="8c84fa94-04c1-424b-9868-57a2d4851a1d" />
    <TestEntry testId="337b107f-1e00-0d6b-e2d1-32688c0a2d69" executionId="cf86be69-34f4-478f-b8a3-009317d9aa83" testListId="8c84fa94-04c1-424b-9868-57a2d4851a1d" />
    <TestEntry testId="36229b7c-e11e-405f-d310-8a1627280a02" executionId="b6297836-85f6-49df-ac09-7f94f4008fc2" testListId="8c84fa94-04c1-424b-9868-57a2d4851a1d" />
    <TestEntry testId="37ace099-1128-37d4-2a91-a82f649644a6" executionId="bdb853a6-374e-4e1d-9510-75751cdf461d" testListId="8c84fa94-04c1-424b-9868-57a2d4851a1d" />
    <TestEntry testId="3a823fd7-1fe1-4ff6-4b84-5f99c9fb80fe" executionId="d5bd3068-80d4-4288-b50b-6ddceb885944" testListId="8c84fa94-04c1-424b-9868-57a2d4851a1d" />
    <TestEntry testId="3c04621e-74cb-9962-379a-2a39c7771507" executionId="899daac5-8132-4953-be92-c770b038b30c" testListId="8c84fa94-04c1-424b-9868-57a2d4851a1d" />
    <TestEntry testId="3dfb5b00-6af1-8a3a-ef1c-5ceec79b8cef" executionId="0cbcbf17-5ddc-4b02-b231-041f0ce44832" testListId="8c84fa94-04c1-424b-9868-57a2d4851a1d" />
    <TestEntry testId="40112a03-71da-3b8f-6c9c-cbc7fe86d163" executionId="8606c79d-135d-4f11-a52d-fdfd64e89500" testListId="8c84fa94-04c1-424b-9868-57a2d4851a1d" />
    <TestEntry testId="447be92f-5d52-346d-beb6-d91f0b0d0de7" executionId="b9a3d7d5-8f5f-4c8f-b9a0-40cece338aa1" testListId="8c84fa94-04c1-424b-9868-57a2d4851a1d" />
    <TestEntry testId="464b4773-3c3d-7907-26d3-b60de49d5985" executionId="582d4e17-cad3-4962-8f18-fe5d4c41f760" testListId="8c84fa94-04c1-424b-9868-57a2d4851a1d" />
    <TestEntry testId="4d878c16-385d-d610-2cbf-7652a010b362" executionId="b3cd007c-5b3a-4c70-b745-de24b0063e39" testListId="8c84fa94-04c1-424b-9868-57a2d4851a1d" />
    <TestEntry testId="4ee74a38-b2ca-4d6c-c0b4-9bfac1daa8c2" executionId="e2cfcdb0-36b1-480a-9db4-72a1bcc21cd0" testListId="8c84fa94-04c1-424b-9868-57a2d4851a1d" />
    <TestEntry testId="50198a28-809b-3300-f57d-0d89ee5bc4e4" executionId="009995cc-f082-4608-bdc2-9ee418988ef0" testListId="8c84fa94-04c1-424b-9868-57a2d4851a1d" />
    <TestEntry testId="50d2e327-01c8-4afe-af7a-33efde48d29a" executionId="99230214-c7eb-4b25-aa2a-de91f4b0f969" testListId="8c84fa94-04c1-424b-9868-57a2d4851a1d" />
    <TestEntry testId="53becad3-33a7-00ee-0240-9413a3aa2dc9" executionId="1fbacd08-a6b1-492d-adb4-1a6aab4ab20e" testListId="8c84fa94-04c1-424b-9868-57a2d4851a1d" />
    <TestEntry testId="55ae4fb6-83e5-44c9-a1b2-9e3e3be1625f" executionId="c764fbc3-af99-4df7-9c9c-fd8f23e1973e" testListId="8c84fa94-04c1-424b-9868-57a2d4851a1d" />
    <TestEntry testId="61b09f33-a84d-6c47-2176-a62ceb3b834b" executionId="fed8f0a3-cc24-4be3-9e6a-55da4bc9a7c8" testListId="8c84fa94-04c1-424b-9868-57a2d4851a1d" />
    <TestEntry testId="63d2c77d-2f2a-4f48-15e6-e83e7f4bcded" executionId="dc249605-853c-45cf-802e-00d5424dc4fc" testListId="8c84fa94-04c1-424b-9868-57a2d4851a1d" />
    <TestEntry testId="64973faf-5d75-8380-9505-9cef889bfac8" executionId="0f179ef4-8dce-4914-8cbf-d8b363bdded5" testListId="8c84fa94-04c1-424b-9868-57a2d4851a1d" />
    <TestEntry testId="71e36249-d1d9-c9c8-c5a2-21a17f6ce0ba" executionId="dad229d3-915b-40c6-8e94-7342580c2ddd" testListId="8c84fa94-04c1-424b-9868-57a2d4851a1d" />
    <TestEntry testId="7696afef-1fde-4dc8-80d8-b0c40bea3145" executionId="a412dc2d-8d9d-40f4-abd0-688bbd93e192" testListId="8c84fa94-04c1-424b-9868-57a2d4851a1d" />
    <TestEntry testId="7f840e9f-2bcf-f981-20f2-b813f293bead" executionId="c4309fd8-07b1-444c-8c06-c28fc3047b0f" testListId="8c84fa94-04c1-424b-9868-57a2d4851a1d" />
    <TestEntry testId="86ae8cf4-3833-2fad-c57d-65e1cca1a97e" executionId="a4ddf0f8-c171-49ea-8dc2-dea91c71c436" testListId="8c84fa94-04c1-424b-9868-57a2d4851a1d" />
    <TestEntry testId="8b7a3a0d-042c-87af-c45b-c0ad4d74a982" executionId="51bf3dce-3f3d-404e-a06b-c2746e711ba8" testListId="8c84fa94-04c1-424b-9868-57a2d4851a1d" />
    <TestEntry testId="93859457-059e-f967-9d10-0d393b92ecbd" executionId="ef3f4cef-ea32-431c-9c0d-f723fae6e274" testListId="8c84fa94-04c1-424b-9868-57a2d4851a1d" />
    <TestEntry testId="94256328-6ce6-7f64-bf52-52d662d69141" executionId="b829b895-f8e0-4ac9-a18b-91f64613fa3f" testListId="8c84fa94-04c1-424b-9868-57a2d4851a1d" />
    <TestEntry testId="9778e568-10cb-7dc9-3109-8e9ae94a0b38" executionId="bd758753-76e1-4929-9998-057b24fddbc7" testListId="8c84fa94-04c1-424b-9868-57a2d4851a1d" />
    <TestEntry testId="97be4ddb-9491-09af-23fc-591644993d18" executionId="9ce9a412-d9a1-4aa3-887e-e88e44275f57" testListId="8c84fa94-04c1-424b-9868-57a2d4851a1d" />
    <TestEntry testId="9dd330af-5fac-7a94-8223-43d6eccab16e" executionId="77d099cd-817a-4398-b7fe-dc300f374f7a" testListId="8c84fa94-04c1-424b-9868-57a2d4851a1d" />
    <TestEntry testId="9dfd7cc0-85f3-ef1f-df8a-dfd2dfaed384" executionId="ef2dce84-8d4a-4b2c-b87f-a3ad155902e2" testListId="8c84fa94-04c1-424b-9868-57a2d4851a1d" />
    <TestEntry testId="a26c9cbb-705c-d281-2c59-aa583852ac80" executionId="e544f22a-620c-4298-9d94-acc5f9d69c0f" testListId="8c84fa94-04c1-424b-9868-57a2d4851a1d" />
    <TestEntry testId="a6e26627-243e-155a-eb01-98e2d1195dae" executionId="689ba25e-a31b-4e4a-a625-f4350c05663e" testListId="8c84fa94-04c1-424b-9868-57a2d4851a1d" />
    <TestEntry testId="a8e19d6e-94f1-71b9-e146-21d07ada136b" executionId="057ddd56-2c11-4499-a46c-ad69a067db6d" testListId="8c84fa94-04c1-424b-9868-57a2d4851a1d" />
    <TestEntry testId="a925c3a4-eed3-17c5-a249-f29a0ff63ed6" executionId="851ea579-e814-4b46-aa4a-2b2c6a656589" testListId="8c84fa94-04c1-424b-9868-57a2d4851a1d" />
    <TestEntry testId="b0df2616-61bf-71de-a7bd-47ff2b15d236" executionId="415c5359-8ef5-4cd5-8866-0efe96198d4d" testListId="8c84fa94-04c1-424b-9868-57a2d4851a1d" />
    <TestEntry testId="b3108ca4-ea15-e67e-c0db-a65c954d8ee4" executionId="2f6d0cf7-9c9f-46bf-801b-db17cf8b06cc" testListId="8c84fa94-04c1-424b-9868-57a2d4851a1d" />
    <TestEntry testId="b4e556fb-0ea0-19cc-b9f9-56dab34cad84" executionId="e78d3970-1ae8-4879-9a04-205ea9645690" testListId="8c84fa94-04c1-424b-9868-57a2d4851a1d" />
    <TestEntry testId="ba02f043-5194-b9ef-24b3-5b63efb7cd79" executionId="65c56e47-ddb1-4abf-91cc-1dfbdb3c7b25" testListId="8c84fa94-04c1-424b-9868-57a2d4851a1d" />
    <TestEntry testId="c20da52c-e354-0953-79b7-81d22629dba1" executionId="c1c32f37-36a5-4766-be56-3c3b18012ab2" testListId="8c84fa94-04c1-424b-9868-57a2d4851a1d" />
    <TestEntry testId="c3fd992c-7d73-9162-4bb1-c19b72ab56b4" executionId="baad9f6e-4378-43f8-9382-a5dba543d279" testListId="8c84fa94-04c1-424b-9868-57a2d4851a1d" />
    <TestEntry testId="c40e72ea-ff25-e206-6801-077c4224a59f" executionId="6773e655-ec95-42d5-b0c2-98bb7d6729fb" testListId="8c84fa94-04c1-424b-9868-57a2d4851a1d" />
    <TestEntry testId="c7fe2751-1051-530e-a619-c3e0302bb88e" executionId="37ca2a23-bc69-4e3a-a64c-cf5b10aba931" testListId="8c84fa94-04c1-424b-9868-57a2d4851a1d" />
    <TestEntry testId="c82f563e-2472-65c4-c0ec-829ca77722c8" executionId="e1269cba-4ac9-41fa-bd4c-0e408ca5ff91" testListId="8c84fa94-04c1-424b-9868-57a2d4851a1d" />
    <TestEntry testId="c8d5d54a-5747-e0ad-d7b0-76377ca3dca6" executionId="1091270f-7d48-4b72-9976-c6453d827b87" testListId="8c84fa94-04c1-424b-9868-57a2d4851a1d" />
    <TestEntry testId="d23de06b-65d4-8455-c8d5-757ad66cadc4" executionId="e34a0728-73a8-406c-84c8-57c205f86724" testListId="8c84fa94-04c1-424b-9868-57a2d4851a1d" />
    <TestEntry testId="d36ead82-8c1b-369b-cd71-07dfae01f04a" executionId="cca2eb2a-e429-4386-884f-ff6d256f20d6" testListId="8c84fa94-04c1-424b-9868-57a2d4851a1d" />
    <TestEntry testId="d47eb6dc-d325-8764-e966-be911a123673" executionId="45db9650-9766-4b17-94bb-0f571ebb201a" testListId="8c84fa94-04c1-424b-9868-57a2d4851a1d" />
    <TestEntry testId="d4ec15b4-22c1-3ec0-3bec-7dcaca3dc698" executionId="ef671db7-d4ad-42fa-a76f-da11bd822b40" testListId="8c84fa94-04c1-424b-9868-57a2d4851a1d" />
    <TestEntry testId="da025daa-9a08-5d83-0a31-8339d11dde9a" executionId="2ecdfb5c-dd5e-4c99-85c2-64298de97edd" testListId="8c84fa94-04c1-424b-9868-57a2d4851a1d" />
    <TestEntry testId="dfccb8e7-e1b4-274c-8f59-e2f6a417af14" executionId="c31d057e-5500-4a70-8e0f-4cf7512c15d5" testListId="8c84fa94-04c1-424b-9868-57a2d4851a1d" />
    <TestEntry testId="e4773567-3b44-5087-89c9-4a1812d30763" executionId="1088c239-e395-4733-bfa7-1fa757235ff9" testListId="8c84fa94-04c1-424b-9868-57a2d4851a1d" />
    <TestEntry testId="e6165e7d-f344-cfae-dc8d-31f21eb72b18" executionId="bd1ef08f-5e4a-41f3-9d78-c3e54f764b97" testListId="8c84fa94-04c1-424b-9868-57a2d4851a1d" />
    <TestEntry testId="e7a4da5d-e505-77aa-de9b-b9803fda3f68" executionId="4b6a7f60-ecab-4ce2-8228-8031ce6285b1" testListId="8c84fa94-04c1-424b-9868-57a2d4851a1d" />
    <TestEntry testId="ea3d664f-a9b3-4272-66e4-7640a3a556af" executionId="aee706e9-b4bc-4dd2-9a03-3fb797c95d6d" testListId="8c84fa94-04c1-424b-9868-57a2d4851a1d" />
    <TestEntry testId="fb1c259e-a5d3-4d6f-eb1f-88e915527312" executionId="a6fa3d74-b99e-437e-a915-df79be532e48" testListId="8c84fa94-04c1-424b-9868-57a2d4851a1d" />
  </TestEntries>
  <Results>
    <UnitTestResult executionId="b9009ac5-3cb0-4b41-8b9c-8e4eda1c57b6" testId="01987b87-3a3d-db43-9609-d6303ea08a6b" testName="AddBlogEntryCategoryTest" computerName="OMEGA" duration="00:00:00.8201882" startTime="2011-03-01T22:03:22.7304066-05:00" endTime="2011-03-01T22:03:24.0834840-05:00" testType="13cdc9d9-ddb5-4fa4-a97d-d965ccfc6d4b" outcome="Passed" testListId="8c84fa94-04c1-424b-9868-57a2d4851a1d" relativeResultsDirectory="b9009ac5-3cb0-4b41-8b9c-8e4eda1c57b6">
    </UnitTestResult>
    <UnitTestResult executionId="590c1904-b4b5-41ae-aa81-b844f8d6b917" testId="026b8766-739e-be5a-bbeb-7fe4653d0b92" testName="GetFeedbackForRSSTest" computerName="OMEGA" duration="00:00:00.0764488" startTime="2011-03-01T22:03:24.0944847-05:00" endTime="2011-03-01T22:03:24.1854899-05:00" testType="13cdc9d9-ddb5-4fa4-a97d-d965ccfc6d4b" outcome="Passed" testListId="8c84fa94-04c1-424b-9868-57a2d4851a1d" relativeResultsDirectory="590c1904-b4b5-41ae-aa81-b844f8d6b917">
    </UnitTestResult>
    <UnitTestResult executionId="38d707d1-8dd0-4964-8639-9f2d63a9c4c5" testId="0364fa97-23e8-9d43-8c56-804653725181" testName="GetTotalEntriesByBlogConfigIdAndCategoryTest" computerName="OMEGA" duration="00:00:00.0920248" startTime="2011-03-01T22:03:24.1934903-05:00" endTime="2011-03-01T22:03:24.2954961-05:00" testType="13cdc9d9-ddb5-4fa4-a97d-d965ccfc6d4b" outcome="Passed" testListId="8c84fa94-04c1-424b-9868-57a2d4851a1d" relativeResultsDirectory="38d707d1-8dd0-4964-8639-9f2d63a9c4c5">
    </UnitTestResult>
    <UnitTestResult executionId="73101628-45d1-4289-ac69-84e3baf64616" testId="042b6979-c19a-ccbf-dc3a-0097b07257a8" testName="SaveEntryCategoryAssociationTest" computerName="OMEGA" duration="00:00:00.0228776" startTime="2011-03-01T22:03:24.3074968-05:00" endTime="2011-03-01T22:03:24.3344984-05:00" testType="13cdc9d9-ddb5-4fa4-a97d-d965ccfc6d4b" outcome="Passed" testListId="8c84fa94-04c1-424b-9868-57a2d4851a1d" relativeResultsDirectory="73101628-45d1-4289-ac69-84e3baf64616">
    </UnitTestResult>
    <UnitTestResult executionId="b47e197a-746d-482d-8ed0-3e6528a2c2ac" testId="09fc2a4a-d918-660e-dcfd-d5c6c4c3fdda" testName="GetBlogFeedbacksByBlogConfigIdTest" computerName="OMEGA" duration="00:00:00.0760579" startTime="2011-03-01T22:03:24.3394987-05:00" endTime="2011-03-01T22:03:24.4195032-05:00" testType="13cdc9d9-ddb5-4fa4-a97d-d965ccfc6d4b" outcome="Passed" testListId="8c84fa94-04c1-424b-9868-57a2d4851a1d" relativeResultsDirectory="b47e197a-746d-482d-8ed0-3e6528a2c2ac">
    </UnitTestResult>
    <UnitTestResult executionId="627f49c1-1177-4706-bf72-98b59b0fc76d" testId="0b5551a8-44fe-0086-cd48-840ba46daa4c" testName="DeleteRoleTest" computerName="OMEGA" duration="00:00:00.0779188" startTime="2011-03-01T22:03:24.4295038-05:00" endTime="2011-03-01T22:03:24.5115085-05:00" testType="13cdc9d9-ddb5-4fa4-a97d-d965ccfc6d4b" outcome="Passed" testListId="8c84fa94-04c1-424b-9868-57a2d4851a1d" relativeResultsDirectory="627f49c1-1177-4706-bf72-98b59b0fc76d">
    </UnitTestResult>
    <UnitTestResult executionId="9ae1d501-28cc-4469-933d-429e3c4ceb1b" testId="11bc5341-5162-cad2-945c-c25f636c9c39" testName="DoesCategoryExistTest" computerName="OMEGA" duration="00:00:00.0334971" startTime="2011-03-01T22:03:24.5155087-05:00" endTime="2011-03-01T22:03:24.5535109-05:00" testType="13cdc9d9-ddb5-4fa4-a97d-d965ccfc6d4b" outcome="Passed" testListId="8c84fa94-04c1-424b-9868-57a2d4851a1d" relativeResultsDirectory="9ae1d501-28cc-4469-933d-429e3c4ceb1b">
    </UnitTestResult>
    <UnitTestResult executionId="2cdf32a4-fa7f-4587-b664-035a57b02228" testId="11f1d2f1-9bd3-067f-5722-3beb4d7ed102" testName="GetBlogConfigTest" computerName="OMEGA" duration="00:00:00.1591173" startTime="2011-03-01T22:03:24.5655116-05:00" endTime="2011-03-01T22:03:24.7285209-05:00" testType="13cdc9d9-ddb5-4fa4-a97d-d965ccfc6d4b" outcome="Failed" testListId="8c84fa94-04c1-424b-9868-57a2d4851a1d" relativeResultsDirectory="2cdf32a4-fa7f-4587-b664-035a57b02228">
      <Output>
        <ErrorInfo>
          <Message>Test method Veritas.Tests.CacheHandlerTest.GetBlogConfigTest threw exception: 
System.InvalidOperationException: Sequence contains more than one element</Message>
          <StackTrace>    at System.Linq.Enumerable.SingleOrDefault[TSource](IEnumerable`1 source)
   at System.Data.Objects.ELinq.ObjectQueryProvider.&lt;GetElementFunction&gt;b__2[TResult](IEnumerable`1 sequence)
   at System.Data.Objects.ELinq.ObjectQueryProvider.ExecuteSingle[TResult](IEnumerable`1 query, Expression queryRoot)
   at System.Data.Objects.ELinq.ObjectQueryProvider.System.Linq.IQueryProvider.Execute[S](Expression expression)
   at System.Linq.Queryable.SingleOrDefault[TSource](IQueryable`1 source)
   at Veritas.DataLayer.VeritasRepository.GetBlogConfigByHostname(String hostname) in C:\csharp\veritas 3\DataLayer\Veritas.DataLayer\VeritasRepository.cs:line 141
   at Veritas.BusinessLayer.Caching.CacheHandler.GetBlogConfig() in C:\csharp\veritas 3\BusinessLayer\Veritas.BusinessLayer\Caching\CacheHandler.cs:line 30
   at Veritas.Tests.CacheHandlerTest.GetBlogConfigTest() in C:\csharp\veritas 3\Tests\Veritas.Tests\CacheHandlerTest.cs:line 78
</StackTrace>
        </ErrorInfo>
      </Output>
    </UnitTestResult>
    <UnitTestResult executionId="ac11d635-0a8b-499c-b835-339619b39715" testId="139ab3b5-06ed-b3a1-e294-00471518491c" testName="LogToDbTest" computerName="OMEGA" duration="00:00:00.0440624" startTime="2011-03-01T22:03:24.7335212-05:00" endTime="2011-03-01T22:03:24.7855242-05:00" testType="13cdc9d9-ddb5-4fa4-a97d-d965ccfc6d4b" outcome="Failed" testListId="8c84fa94-04c1-424b-9868-57a2d4851a1d" relativeResultsDirectory="ac11d635-0a8b-499c-b835-339619b39715">
      <Output>
        <ErrorInfo>
          <Message>Test method Veritas.Tests.LoggingHandlerTest.LogToDbTest threw exception: 
System.InvalidOperationException: Sequence contains more than one element</Message>
          <StackTrace>    at System.Linq.Enumerable.SingleOrDefault[TSource](IEnumerable`1 source)
   at System.Data.Objects.ELinq.ObjectQueryProvider.&lt;GetElementFunction&gt;b__2[TResult](IEnumerable`1 sequence)
   at System.Data.Objects.ELinq.ObjectQueryProvider.ExecuteSingle[TResult](IEnumerable`1 query, Expression queryRoot)
   at System.Data.Objects.ELinq.ObjectQueryProvider.System.Linq.IQueryProvider.Execute[S](Expression expression)
   at System.Linq.Queryable.SingleOrDefault[TSource](IQueryable`1 source)
   at Veritas.DataLayer.VeritasRepository.GetBlogConfigByHostname(String hostname) in C:\csharp\veritas 3\DataLayer\Veritas.DataLayer\VeritasRepository.cs:line 141
   at Veritas.BusinessLayer.Caching.CacheHandler.GetBlogConfig() in C:\csharp\veritas 3\BusinessLayer\Veritas.BusinessLayer\Caching\CacheHandler.cs:line 30
   at Veritas.BusinessLayer.Logging.LoggingHandler.get_IsDbLoggingEnabled() in C:\csharp\veritas 3\BusinessLayer\Veritas.BusinessLayer\Logging\LoggingHandler.cs:line 35
   at Veritas.BusinessLayer.Logging.LoggingHandler.LogToDb(String message, String details, String level, String logger) in C:\csharp\veritas 3\BusinessLayer\Veritas.BusinessLayer\Logging\LoggingHandler.cs:line 126
   at Veritas.Tests.LoggingHandlerTest.LogToDbTest() in C:\csharp\veritas 3\Tests\Veritas.Tests\LoggingHandlerTest.cs:line 79
</StackTrace>
        </ErrorInfo>
      </Output>
    </UnitTestResult>
    <UnitTestResult executionId="65f5d9df-8d04-4e78-92b3-a29fc0f3f5f8" testId="1869c27a-e993-ce54-ae8d-43097acfe7b5" testName="DeleteBlogFeedbackTest" computerName="OMEGA" duration="00:00:00.0961898" startTime="2011-03-01T22:03:24.7965248-05:00" endTime="2011-03-01T22:03:24.8975306-05:00" testType="13cdc9d9-ddb5-4fa4-a97d-d965ccfc6d4b" outcome="Passed" testListId="8c84fa94-04c1-424b-9868-57a2d4851a1d" relativeResultsDirectory="65f5d9df-8d04-4e78-92b3-a29fc0f3f5f8">
    </UnitTestResult>
    <UnitTestResult executionId="d2386fdf-8707-452e-8f56-1cf58d7c7f6b" testId="1c19cc4a-22e0-ca4d-ad5c-b13ae32c220d" testName="GetCategoryTagsTest" computerName="OMEGA" duration="00:00:00.0755011" startTime="2011-03-01T22:03:24.9015308-05:00" endTime="2011-03-01T22:03:24.9815354-05:00" testType="13cdc9d9-ddb5-4fa4-a97d-d965ccfc6d4b" outcome="Passed" testListId="8c84fa94-04c1-424b-9868-57a2d4851a1d" relativeResultsDirectory="d2386fdf-8707-452e-8f56-1cf58d7c7f6b">
    </UnitTestResult>
    <UnitTestResult executionId="cb3eaa7a-2527-4d6c-8548-e8d9602096c1" testId="1eb74fa0-cd49-400c-0d57-14a1a55376e2" testName="GetBlogFeedbackByFeedbackIdTest" computerName="OMEGA" duration="00:00:00.0353552" startTime="2011-03-01T22:03:24.9875357-05:00" endTime="2011-03-01T22:03:25.0295381-05:00" testType="13cdc9d9-ddb5-4fa4-a97d-d965ccfc6d4b" outcome="Passed" testListId="8c84fa94-04c1-424b-9868-57a2d4851a1d" relativeResultsDirectory="cb3eaa7a-2527-4d6c-8548-e8d9602096c1">
    </UnitTestResult>
    <UnitTestResult executionId="8f657630-cd0e-4aab-a7f6-56ac2e614cbb" testId="20f7f4a8-afae-4576-30d3-e1fe95b35b4f" testName="ValidateUserTest" computerName="OMEGA" duration="00:00:00.0383408" startTime="2011-03-01T22:03:25.0375386-05:00" endTime="2011-03-01T22:03:25.0805411-05:00" testType="13cdc9d9-ddb5-4fa4-a97d-d965ccfc6d4b" outcome="Passed" testListId="8c84fa94-04c1-424b-9868-57a2d4851a1d" relativeResultsDirectory="8f657630-cd0e-4aab-a7f6-56ac2e614cbb">
    </UnitTestResult>
    <UnitTestResult executionId="070b30ca-e7fa-494c-821a-140bc890205f" testId="21b7a273-8964-49b4-1439-13e55128b365" testName="AddBlogConfigTest" computerName="OMEGA" duration="00:00:00.0758127" startTime="2011-03-01T22:03:25.0835412-05:00" endTime="2011-03-01T22:03:25.1645459-05:00" testType="13cdc9d9-ddb5-4fa4-a97d-d965ccfc6d4b" outcome="Passed" testListId="8c84fa94-04c1-424b-9868-57a2d4851a1d" relativeResultsDirectory="070b30ca-e7fa-494c-821a-140bc890205f">
    </UnitTestResult>
    <UnitTestResult executionId="c6207192-114c-4569-9a1f-056617dfae2f" testId="2393ba0f-b8d8-09f4-703d-82bed950d692" testName="GetInstanceTest" computerName="OMEGA" duration="00:00:01.0854833" startTime="2011-03-01T22:03:25.1715463-05:00" endTime="2011-03-01T22:03:26.2656088-05:00" testType="13cdc9d9-ddb5-4fa4-a97d-d965ccfc6d4b" outcome="Passed" testListId="8c84fa94-04c1-424b-9868-57a2d4851a1d" relativeResultsDirectory="c6207192-114c-4569-9a1f-056617dfae2f">
    </UnitTestResult>
    <UnitTestResult executionId="c6fe96a5-5cda-40b5-afea-a6cb65f70072" testId="2e1a565c-54b6-6d27-d1fd-b82cf7050f9f" testName="GetBlacklistsForEmailAddressesTest" computerName="OMEGA" duration="00:00:00.0480478" startTime="2011-03-01T22:03:26.2696091-05:00" endTime="2011-03-01T22:03:26.3236121-05:00" testType="13cdc9d9-ddb5-4fa4-a97d-d965ccfc6d4b" outcome="Passed" testListId="8c84fa94-04c1-424b-9868-57a2d4851a1d" relativeResultsDirectory="c6fe96a5-5cda-40b5-afea-a6cb65f70072">
    </UnitTestResult>
    <UnitTestResult executionId="d3d2e384-0a39-409d-a194-ab019ada62b6" testId="2e41ee7b-fef3-3171-340b-af54e8e4e820" testName="DeleteBlogPageTest" computerName="OMEGA" duration="00:00:00.0552382" startTime="2011-03-01T22:03:26.3276124-05:00" endTime="2011-03-01T22:03:26.3866158-05:00" testType="13cdc9d9-ddb5-4fa4-a97d-d965ccfc6d4b" outcome="Passed" testListId="8c84fa94-04c1-424b-9868-57a2d4851a1d" relativeResultsDirectory="d3d2e384-0a39-409d-a194-ab019ada62b6">
    </UnitTestResult>
    <UnitTestResult executionId="509d9ee1-1427-44d0-817a-1c0df024a468" testId="32df1724-5104-3e56-cb1c-e855f7d33c78" testName="ForceNewInstanceTest" computerName="OMEGA" duration="00:00:00.0111668" startTime="2011-03-01T22:03:26.3906160-05:00" endTime="2011-03-01T22:03:26.4066169-05:00" testType="13cdc9d9-ddb5-4fa4-a97d-d965ccfc6d4b" outcome="Passed" testListId="8c84fa94-04c1-424b-9868-57a2d4851a1d" relativeResultsDirectory="509d9ee1-1427-44d0-817a-1c0df024a468">
    </UnitTestResult>
    <UnitTestResult executionId="a5ac3aa4-1a9f-4e37-a5f3-34a741b41926" testId="32ea4c9f-3078-f85d-0e69-a67efb28c540" testName="AddBlogMenuItemTest" computerName="OMEGA" duration="00:00:00.0306277" startTime="2011-03-01T22:03:26.4106171-05:00" endTime="2011-03-01T22:03:26.4456191-05:00" testType="13cdc9d9-ddb5-4fa4-a97d-d965ccfc6d4b" outcome="Passed" testListId="8c84fa94-04c1-424b-9868-57a2d4851a1d" relativeResultsDirectory="a5ac3aa4-1a9f-4e37-a5f3-34a741b41926">
    </UnitTestResult>
    <UnitTestResult executionId="cf86be69-34f4-478f-b8a3-009317d9aa83" testId="337b107f-1e00-0d6b-e2d1-32688c0a2d69" testName="HtmlHelperTest" computerName="OMEGA" duration="00:00:00.0023479" startTime="2011-03-01T22:03:26.4496194-05:00" endTime="2011-03-01T22:03:26.4576198-05:00" testType="13cdc9d9-ddb5-4fa4-a97d-d965ccfc6d4b" outcome="Passed" testListId="8c84fa94-04c1-424b-9868-57a2d4851a1d" relativeResultsDirectory="cf86be69-34f4-478f-b8a3-009317d9aa83">
    </UnitTestResult>
    <UnitTestResult executionId="b6297836-85f6-49df-ac09-7f94f4008fc2" testId="36229b7c-e11e-405f-d310-8a1627280a02" testName="ChangePasswordTest" computerName="OMEGA" duration="00:00:00.0369204" startTime="2011-03-01T22:03:26.4596199-05:00" endTime="2011-03-01T22:03:26.5016223-05:00" testType="13cdc9d9-ddb5-4fa4-a97d-d965ccfc6d4b" outcome="Passed" testListId="8c84fa94-04c1-424b-9868-57a2d4851a1d" relativeResultsDirectory="b6297836-85f6-49df-ac09-7f94f4008fc2">
    </UnitTestResult>
    <UnitTestResult executionId="bdb853a6-374e-4e1d-9510-75751cdf461d" testId="37ace099-1128-37d4-2a91-a82f649644a6" testName="DeleteBlogFeedbackAuthorTest" computerName="OMEGA" duration="00:00:00.0387255" startTime="2011-03-01T22:03:26.5056226-05:00" endTime="2011-03-01T22:03:26.5486250-05:00" testType="13cdc9d9-ddb5-4fa4-a97d-d965ccfc6d4b" outcome="Passed" testListId="8c84fa94-04c1-424b-9868-57a2d4851a1d" relativeResultsDirectory="bdb853a6-374e-4e1d-9510-75751cdf461d">
    </UnitTestResult>
    <UnitTestResult executionId="d5bd3068-80d4-4288-b50b-6ddceb885944" testId="3a823fd7-1fe1-4ff6-4b84-5f99c9fb80fe" testName="LogToFileDetailsTest" computerName="OMEGA" duration="00:00:00.0189185" startTime="2011-03-01T22:03:26.5546254-05:00" endTime="2011-03-01T22:03:26.5786267-05:00" testType="13cdc9d9-ddb5-4fa4-a97d-d965ccfc6d4b" outcome="Failed" testListId="8c84fa94-04c1-424b-9868-57a2d4851a1d" relativeResultsDirectory="d5bd3068-80d4-4288-b50b-6ddceb885944">
      <Output>
        <ErrorInfo>
          <Message>Test method Veritas.Tests.LoggingHandlerTest.LogToFileDetailsTest threw exception: 
System.InvalidOperationException: Sequence contains more than one element</Message>
          <StackTrace>    at System.Linq.Enumerable.SingleOrDefault[TSource](IEnumerable`1 source)
   at System.Data.Objects.ELinq.ObjectQueryProvider.&lt;GetElementFunction&gt;b__2[TResult](IEnumerable`1 sequence)
   at System.Data.Objects.ELinq.ObjectQueryProvider.ExecuteSingle[TResult](IEnumerable`1 query, Expression queryRoot)
   at System.Data.Objects.ELinq.ObjectQueryProvider.System.Linq.IQueryProvider.Execute[S](Expression expression)
   at System.Linq.Queryable.SingleOrDefault[TSource](IQueryable`1 source)
   at Veritas.DataLayer.VeritasRepository.GetBlogConfigByHostname(String hostname) in C:\csharp\veritas 3\DataLayer\Veritas.DataLayer\VeritasRepository.cs:line 141
   at Veritas.BusinessLayer.Caching.CacheHandler.GetBlogConfig() in C:\csharp\veritas 3\BusinessLayer\Veritas.BusinessLayer\Caching\CacheHandler.cs:line 30
   at Veritas.BusinessLayer.Logging.LoggingHandler.get_IsFileLoggingEnabled() in C:\csharp\veritas 3\BusinessLayer\Veritas.BusinessLayer\Logging\LoggingHandler.cs:line 28
   at Veritas.BusinessLayer.Logging.LoggingHandler.LogToFile(String message, String details, String level, String logger) in C:\csharp\veritas 3\BusinessLayer\Veritas.BusinessLayer\Logging\LoggingHandler.cs:line 101
   at Veritas.Tests.LoggingHandlerTest.LogToFileDetailsTest() in C:\csharp\veritas 3\Tests\Veritas.Tests\LoggingHandlerTest.cs:line 128
</StackTrace>
        </ErrorInfo>
      </Output>
    </UnitTestResult>
    <UnitTestResult executionId="899daac5-8132-4953-be92-c770b038b30c" testId="3c04621e-74cb-9962-379a-2a39c7771507" testName="AddBlogEntryTest" computerName="OMEGA" duration="00:00:00.0604510" startTime="2011-03-01T22:03:26.5826270-05:00" endTime="2011-03-01T22:03:26.6496308-05:00" testType="13cdc9d9-ddb5-4fa4-a97d-d965ccfc6d4b" outcome="Passed" testListId="8c84fa94-04c1-424b-9868-57a2d4851a1d" relativeResultsDirectory="899daac5-8132-4953-be92-c770b038b30c">
    </UnitTestResult>
    <UnitTestResult executionId="0cbcbf17-5ddc-4b02-b231-041f0ce44832" testId="3dfb5b00-6af1-8a3a-ef1c-5ceec79b8cef" testName="GetBlogConfigByHostnameTest" computerName="OMEGA" duration="00:00:00.0156622" startTime="2011-03-01T22:03:26.6566312-05:00" endTime="2011-03-01T22:03:26.6756323-05:00" testType="13cdc9d9-ddb5-4fa4-a97d-d965ccfc6d4b" outcome="Failed" testListId="8c84fa94-04c1-424b-9868-57a2d4851a1d" relativeResultsDirectory="0cbcbf17-5ddc-4b02-b231-041f0ce44832">
      <Output>
        <ErrorInfo>
          <Message>Test method Veritas.Tests.VeritasRepositoryTest.GetBlogConfigByHostnameTest threw exception: 
System.InvalidOperationException: Sequence contains more than one element</Message>
          <StackTrace>    at System.Linq.Enumerable.SingleOrDefault[TSource](IEnumerable`1 source)
   at System.Data.Objects.ELinq.ObjectQueryProvider.&lt;GetElementFunction&gt;b__2[TResult](IEnumerable`1 sequence)
   at System.Data.Objects.ELinq.ObjectQueryProvider.ExecuteSingle[TResult](IEnumerable`1 query, Expression queryRoot)
   at System.Data.Objects.ELinq.ObjectQueryProvider.System.Linq.IQueryProvider.Execute[S](Expression expression)
   at System.Linq.Queryable.SingleOrDefault[TSource](IQueryable`1 source)
   at Veritas.DataLayer.VeritasRepository.GetBlogConfigByHostname(String hostname) in C:\csharp\veritas 3\DataLayer\Veritas.DataLayer\VeritasRepository.cs:line 141
   at Veritas.Tests.VeritasRepositoryTest.GetBlogConfigByHostnameTest() in C:\csharp\veritas 3\Tests\Veritas.Tests\VeritasRepositoryTest.cs:line 614
</StackTrace>
        </ErrorInfo>
      </Output>
    </UnitTestResult>
    <UnitTestResult executionId="8606c79d-135d-4f11-a52d-fdfd64e89500" testId="40112a03-71da-3b8f-6c9c-cbc7fe86d163" testName="GetEntryByEntryNameAndBlogConfigIDTest" computerName="OMEGA" duration="00:00:00.0166444" startTime="2011-03-01T22:03:26.6846328-05:00" endTime="2011-03-01T22:03:26.7056340-05:00" testType="13cdc9d9-ddb5-4fa4-a97d-d965ccfc6d4b" outcome="Passed" testListId="8c84fa94-04c1-424b-9868-57a2d4851a1d" relativeResultsDirectory="8606c79d-135d-4f11-a52d-fdfd64e89500">
    </UnitTestResult>
    <UnitTestResult executionId="b9a3d7d5-8f5f-4c8f-b9a0-40cece338aa1" testId="447be92f-5d52-346d-beb6-d91f0b0d0de7" testName="GetBlogFeedbackAuthorsTest" computerName="OMEGA" duration="00:00:00.0183309" startTime="2011-03-01T22:03:26.7096342-05:00" endTime="2011-03-01T22:03:26.7326355-05:00" testType="13cdc9d9-ddb5-4fa4-a97d-d965ccfc6d4b" outcome="Passed" testListId="8c84fa94-04c1-424b-9868-57a2d4851a1d" relativeResultsDirectory="b9a3d7d5-8f5f-4c8f-b9a0-40cece338aa1">
    </UnitTestResult>
    <UnitTestResult executionId="582d4e17-cad3-4962-8f18-fe5d4c41f760" testId="464b4773-3c3d-7907-26d3-b60de49d5985" testName="GetEntriesForRSSTest" computerName="OMEGA" duration="00:00:00.1082333" startTime="2011-03-01T22:03:26.7366358-05:00" endTime="2011-03-01T22:03:26.8506423-05:00" testType="13cdc9d9-ddb5-4fa4-a97d-d965ccfc6d4b" outcome="Passed" testListId="8c84fa94-04c1-424b-9868-57a2d4851a1d" relativeResultsDirectory="582d4e17-cad3-4962-8f18-fe5d4c41f760">
    </UnitTestResult>
    <UnitTestResult executionId="b3cd007c-5b3a-4c70-b745-de24b0063e39" testId="4d878c16-385d-d610-2cbf-7652a010b362" testName="LoadConfigFromXmlTest" computerName="OMEGA" duration="00:00:00.0241017" startTime="2011-03-01T22:03:26.8566426-05:00" endTime="2011-03-01T22:03:26.8856443-05:00" testType="13cdc9d9-ddb5-4fa4-a97d-d965ccfc6d4b" outcome="Passed" testListId="8c84fa94-04c1-424b-9868-57a2d4851a1d" relativeResultsDirectory="b3cd007c-5b3a-4c70-b745-de24b0063e39">
    </UnitTestResult>
    <UnitTestResult executionId="e2cfcdb0-36b1-480a-9db4-72a1bcc21cd0" testId="4ee74a38-b2ca-4d6c-c0b4-9bfac1daa8c2" testName="GetBlogRoleByRoleIdTest" computerName="OMEGA" duration="00:00:00.0193114" startTime="2011-03-01T22:03:26.8906446-05:00" endTime="2011-03-01T22:03:26.9146460-05:00" testType="13cdc9d9-ddb5-4fa4-a97d-d965ccfc6d4b" outcome="Passed" testListId="8c84fa94-04c1-424b-9868-57a2d4851a1d" relativeResultsDirectory="e2cfcdb0-36b1-480a-9db4-72a1bcc21cd0">
    </UnitTestResult>
    <UnitTestResult executionId="009995cc-f082-4608-bdc2-9ee418988ef0" testId="50198a28-809b-3300-f57d-0d89ee5bc4e4" testName="GetBlogConfigByBlogConfigIdTest" computerName="OMEGA" duration="00:00:00.0187333" startTime="2011-03-01T22:03:26.9186462-05:00" endTime="2011-03-01T22:03:26.9416475-05:00" testType="13cdc9d9-ddb5-4fa4-a97d-d965ccfc6d4b" outcome="Passed" testListId="8c84fa94-04c1-424b-9868-57a2d4851a1d" relativeResultsDirectory="009995cc-f082-4608-bdc2-9ee418988ef0">
    </UnitTestResult>
    <UnitTestResult executionId="99230214-c7eb-4b25-aa2a-de91f4b0f969" testId="50d2e327-01c8-4afe-af7a-33efde48d29a" testName="AddBlogPageTest" computerName="OMEGA" duration="00:00:00.0189185" startTime="2011-03-01T22:03:26.9476478-05:00" endTime="2011-03-01T22:03:26.9716492-05:00" testType="13cdc9d9-ddb5-4fa4-a97d-d965ccfc6d4b" outcome="Passed" testListId="8c84fa94-04c1-424b-9868-57a2d4851a1d" relativeResultsDirectory="99230214-c7eb-4b25-aa2a-de91f4b0f969">
    </UnitTestResult>
    <UnitTestResult executionId="1fbacd08-a6b1-492d-adb4-1a6aab4ab20e" testId="53becad3-33a7-00ee-0240-9413a3aa2dc9" testName="DeleteBlogMediaTest" computerName="OMEGA" duration="00:00:00.0338182" startTime="2011-03-01T22:03:26.9766495-05:00" endTime="2011-03-01T22:03:27.0156517-05:00" testType="13cdc9d9-ddb5-4fa4-a97d-d965ccfc6d4b" outcome="Passed" testListId="8c84fa94-04c1-424b-9868-57a2d4851a1d" relativeResultsDirectory="1fbacd08-a6b1-492d-adb4-1a6aab4ab20e">
    </UnitTestResult>
    <UnitTestResult executionId="c764fbc3-af99-4df7-9c9c-fd8f23e1973e" testId="55ae4fb6-83e5-44c9-a1b2-9e3e3be1625f" testName="GetEntryByEntryIDBlogConfigIDTest" computerName="OMEGA" duration="00:00:00.0194408" startTime="2011-03-01T22:03:27.0206520-05:00" endTime="2011-03-01T22:03:27.0446534-05:00" testType="13cdc9d9-ddb5-4fa4-a97d-d965ccfc6d4b" outcome="Passed" testListId="8c84fa94-04c1-424b-9868-57a2d4851a1d" relativeResultsDirectory="c764fbc3-af99-4df7-9c9c-fd8f23e1973e">
    </UnitTestResult>
    <UnitTestResult executionId="fed8f0a3-cc24-4be3-9e6a-55da4bc9a7c8" testId="61b09f33-a84d-6c47-2176-a62ceb3b834b" testName="GetAllBlogConfigsTest" computerName="OMEGA" duration="00:00:00.0146755" startTime="2011-03-01T22:03:27.0486536-05:00" endTime="2011-03-01T22:03:27.0676547-05:00" testType="13cdc9d9-ddb5-4fa4-a97d-d965ccfc6d4b" outcome="Passed" testListId="8c84fa94-04c1-424b-9868-57a2d4851a1d" relativeResultsDirectory="fed8f0a3-cc24-4be3-9e6a-55da4bc9a7c8">
    </UnitTestResult>
    <UnitTestResult executionId="dc249605-853c-45cf-802e-00d5424dc4fc" testId="63d2c77d-2f2a-4f48-15e6-e83e7f4bcded" testName="DeleteBlogUserTest" computerName="OMEGA" duration="00:00:00.0322336" startTime="2011-03-01T22:03:27.0716549-05:00" endTime="2011-03-01T22:03:27.1096571-05:00" testType="13cdc9d9-ddb5-4fa4-a97d-d965ccfc6d4b" outcome="Passed" testListId="8c84fa94-04c1-424b-9868-57a2d4851a1d" relativeResultsDirectory="dc249605-853c-45cf-802e-00d5424dc4fc">
    </UnitTestResult>
    <UnitTestResult executionId="0f179ef4-8dce-4914-8cbf-d8b363bdded5" testId="64973faf-5d75-8380-9505-9cef889bfac8" testName="GetEntryByIDTest" computerName="OMEGA" duration="00:00:00.0229639" startTime="2011-03-01T22:03:27.1126573-05:00" endTime="2011-03-01T22:03:27.1426590-05:00" testType="13cdc9d9-ddb5-4fa4-a97d-d965ccfc6d4b" outcome="Passed" testListId="8c84fa94-04c1-424b-9868-57a2d4851a1d" relativeResultsDirectory="0f179ef4-8dce-4914-8cbf-d8b363bdded5">
    </UnitTestResult>
    <UnitTestResult executionId="dad229d3-915b-40c6-8e94-7342580c2ddd" testId="71e36249-d1d9-c9c8-c5a2-21a17f6ce0ba" testName="DeleteBlacklistTest" computerName="OMEGA" duration="00:00:00.0241432" startTime="2011-03-01T22:03:27.1466592-05:00" endTime="2011-03-01T22:03:27.1756609-05:00" testType="13cdc9d9-ddb5-4fa4-a97d-d965ccfc6d4b" outcome="Passed" testListId="8c84fa94-04c1-424b-9868-57a2d4851a1d" relativeResultsDirectory="dad229d3-915b-40c6-8e94-7342580c2ddd">
    </UnitTestResult>
    <UnitTestResult executionId="a412dc2d-8d9d-40f4-abd0-688bbd93e192" testId="7696afef-1fde-4dc8-80d8-b0c40bea3145" testName="DeleteBlogConfigTest" computerName="OMEGA" duration="00:00:00.1971900" startTime="2011-03-01T22:03:27.1806612-05:00" endTime="2011-03-01T22:03:27.3866730-05:00" testType="13cdc9d9-ddb5-4fa4-a97d-d965ccfc6d4b" outcome="Failed" testListId="8c84fa94-04c1-424b-9868-57a2d4851a1d" relativeResultsDirectory="a412dc2d-8d9d-40f4-abd0-688bbd93e192">
      <Output>
        <ErrorInfo>
          <Message>Test method Veritas.Tests.VeritasRepositoryTest.DeleteBlogConfigTest threw exception: 
System.Data.UpdateException: An error occurred while updating the entries. See the inner exception for details. ---&gt; System.Data.SqlClient.SqlException: The DELETE statement conflicted with the REFERENCE constraint "FK_BlogUser_BlogConfig_BlogConfigId". The conflict occurred in database "VeritasBlogDBV3", table "dbo.BlogUser", column 'BlogConfigId'.
The statement has been terminated.</Message>
          <StackTrace>    at System.Data.SqlClient.SqlConnection.OnError(SqlException exception, Boolean breakConnection)
   at System.Data.SqlClient.SqlInternalConnection.OnError(SqlException exception, Boolean breakConnection)
   at System.Data.SqlClient.TdsParser.ThrowExceptionAndWarning()
   at System.Data.SqlClient.TdsParser.Run(RunBehavior runBehavior, SqlCommand cmdHandler, SqlDataReader dataStream, BulkCopySimpleResultSet bulkCopyHandler, TdsParserStateObject stateObj)
   at System.Data.SqlClient.SqlCommand.FinishExecuteReader(SqlDataReader ds, RunBehavior runBehavior, String resetOptionsString)
   at System.Data.SqlClient.SqlCommand.RunExecuteReaderTds(CommandBehavior cmdBehavior, RunBehavior runBehavior, Boolean returnStream, Boolean async)
   at System.Data.SqlClient.SqlCommand.RunExecuteReader(CommandBehavior cmdBehavior, RunBehavior runBehavior, Boolean returnStream, String method, DbAsyncResult result)
   at System.Data.SqlClient.SqlCommand.InternalExecuteNonQuery(DbAsyncResult result, String methodName, Boolean sendToPipe)
   at System.Data.SqlClient.SqlCommand.ExecuteNonQuery()
   at System.Data.Mapping.Update.Internal.DynamicUpdateCommand.Execute(UpdateTranslator translator, EntityConnection connection, Dictionary`2 identifierValues, List`1 generatedValues)
   at System.Data.Mapping.Update.Internal.UpdateTranslator.Update(IEntityStateManager stateManager, IEntityAdapter adapter)
 --- End of inner exception stack trace ---
    at System.Data.Mapping.Update.Internal.UpdateTranslator.Update(IEntityStateManager stateManager, IEntityAdapter adapter)
   at System.Data.EntityClient.EntityAdapter.Update(IEntityStateManager entityCache)
   at System.Data.Objects.ObjectContext.SaveChanges(SaveOptions options)
   at Veritas.DataLayer.VeritasRepository.Save() in C:\csharp\veritas 3\DataLayer\Veritas.DataLayer\VeritasRepository.cs:line 78
   at Veritas.Tests.VeritasRepositoryTest.DeleteBlogConfigTest() in C:\csharp\veritas 3\Tests\Veritas.Tests\VeritasRepositoryTest.cs:line 143
</StackTrace>
        </ErrorInfo>
      </Output>
    </UnitTestResult>
    <UnitTestResult executionId="c4309fd8-07b1-444c-8c06-c28fc3047b0f" testId="7f840e9f-2bcf-f981-20f2-b813f293bead" testName="DeleteBlogUserRoleTest" computerName="OMEGA" duration="00:00:00.0415407" startTime="2011-03-01T22:03:27.3956735-05:00" endTime="2011-03-01T22:03:27.4506766-05:00" testType="13cdc9d9-ddb5-4fa4-a97d-d965ccfc6d4b" outcome="Passed" testListId="8c84fa94-04c1-424b-9868-57a2d4851a1d" relativeResultsDirectory="c4309fd8-07b1-444c-8c06-c28fc3047b0f">
    </UnitTestResult>
    <UnitTestResult executionId="a4ddf0f8-c171-49ea-8dc2-dea91c71c436" testId="86ae8cf4-3833-2fad-c57d-65e1cca1a97e" testName="GetRecentEntriesTest" computerName="OMEGA" duration="00:00:00.0246716" startTime="2011-03-01T22:03:27.4546768-05:00" endTime="2011-03-01T22:03:27.4836785-05:00" testType="13cdc9d9-ddb5-4fa4-a97d-d965ccfc6d4b" outcome="Passed" testListId="8c84fa94-04c1-424b-9868-57a2d4851a1d" relativeResultsDirectory="a4ddf0f8-c171-49ea-8dc2-dea91c71c436">
    </UnitTestResult>
    <UnitTestResult executionId="51bf3dce-3f3d-404e-a06b-c2746e711ba8" testId="8b7a3a0d-042c-87af-c45b-c0ad4d74a982" testName="AddBlogRoleTest" computerName="OMEGA" duration="00:00:00.0174090" startTime="2011-03-01T22:03:27.4906789-05:00" endTime="2011-03-01T22:03:27.5126802-05:00" testType="13cdc9d9-ddb5-4fa4-a97d-d965ccfc6d4b" outcome="Passed" testListId="8c84fa94-04c1-424b-9868-57a2d4851a1d" relativeResultsDirectory="51bf3dce-3f3d-404e-a06b-c2746e711ba8">
    </UnitTestResult>
    <UnitTestResult executionId="ef3f4cef-ea32-431c-9c0d-f723fae6e274" testId="93859457-059e-f967-9d10-0d393b92ecbd" testName="AddBlogLogTest" computerName="OMEGA" duration="00:00:00.0500472" startTime="2011-03-01T22:03:27.5186805-05:00" endTime="2011-03-01T22:03:27.5726836-05:00" testType="13cdc9d9-ddb5-4fa4-a97d-d965ccfc6d4b" outcome="Passed" testListId="8c84fa94-04c1-424b-9868-57a2d4851a1d" relativeResultsDirectory="ef3f4cef-ea32-431c-9c0d-f723fae6e274">
    </UnitTestResult>
    <UnitTestResult executionId="b829b895-f8e0-4ac9-a18b-91f64613fa3f" testId="94256328-6ce6-7f64-bf52-52d662d69141" testName="GetTotalEntriesByBlogConfigIDTest" computerName="OMEGA" duration="00:00:00.0172292" startTime="2011-03-01T22:03:27.5806841-05:00" endTime="2011-03-01T22:03:27.6026853-05:00" testType="13cdc9d9-ddb5-4fa4-a97d-d965ccfc6d4b" outcome="Passed" testListId="8c84fa94-04c1-424b-9868-57a2d4851a1d" relativeResultsDirectory="b829b895-f8e0-4ac9-a18b-91f64613fa3f">
    </UnitTestResult>
    <UnitTestResult executionId="bd758753-76e1-4929-9998-057b24fddbc7" testId="9778e568-10cb-7dc9-3109-8e9ae94a0b38" testName="GetEntriesForCategoryFromStartPointTest" computerName="OMEGA" duration="00:00:00.0537460" startTime="2011-03-01T22:03:27.6076856-05:00" endTime="2011-03-01T22:03:27.6666890-05:00" testType="13cdc9d9-ddb5-4fa4-a97d-d965ccfc6d4b" outcome="Passed" testListId="8c84fa94-04c1-424b-9868-57a2d4851a1d" relativeResultsDirectory="bd758753-76e1-4929-9998-057b24fddbc7">
    </UnitTestResult>
    <UnitTestResult executionId="9ce9a412-d9a1-4aa3-887e-e88e44275f57" testId="97be4ddb-9491-09af-23fc-591644993d18" testName="AddBlogMediaTest" computerName="OMEGA" duration="00:00:00.0179987" startTime="2011-03-01T22:03:27.6706892-05:00" endTime="2011-03-01T22:03:27.6956906-05:00" testType="13cdc9d9-ddb5-4fa4-a97d-d965ccfc6d4b" outcome="Passed" testListId="8c84fa94-04c1-424b-9868-57a2d4851a1d" relativeResultsDirectory="9ce9a412-d9a1-4aa3-887e-e88e44275f57">
    </UnitTestResult>
    <UnitTestResult executionId="77d099cd-817a-4398-b7fe-dc300f374f7a" testId="9dd330af-5fac-7a94-8223-43d6eccab16e" testName="GetBlogCategoryByCategoryIdTest" computerName="OMEGA" duration="00:00:00.0201384" startTime="2011-03-01T22:03:27.7016910-05:00" endTime="2011-03-01T22:03:27.7266924-05:00" testType="13cdc9d9-ddb5-4fa4-a97d-d965ccfc6d4b" outcome="Passed" testListId="8c84fa94-04c1-424b-9868-57a2d4851a1d" relativeResultsDirectory="77d099cd-817a-4398-b7fe-dc300f374f7a">
    </UnitTestResult>
    <UnitTestResult executionId="ef2dce84-8d4a-4b2c-b87f-a3ad155902e2" testId="9dfd7cc0-85f3-ef1f-df8a-dfd2dfaed384" testName="AddBlogUserTest" computerName="OMEGA" duration="00:00:00.0243990" startTime="2011-03-01T22:03:27.7316927-05:00" endTime="2011-03-01T22:03:27.7606943-05:00" testType="13cdc9d9-ddb5-4fa4-a97d-d965ccfc6d4b" outcome="Passed" testListId="8c84fa94-04c1-424b-9868-57a2d4851a1d" relativeResultsDirectory="ef2dce84-8d4a-4b2c-b87f-a3ad155902e2">
    </UnitTestResult>
    <UnitTestResult executionId="e544f22a-620c-4298-9d94-acc5f9d69c0f" testId="a26c9cbb-705c-d281-2c59-aa583852ac80" testName="GetRolesForUserTest" computerName="OMEGA" duration="00:00:00.0274006" startTime="2011-03-01T22:03:27.7656946-05:00" endTime="2011-03-01T22:03:27.7976965-05:00" testType="13cdc9d9-ddb5-4fa4-a97d-d965ccfc6d4b" outcome="Passed" testListId="8c84fa94-04c1-424b-9868-57a2d4851a1d" relativeResultsDirectory="e544f22a-620c-4298-9d94-acc5f9d69c0f">
    </UnitTestResult>
    <UnitTestResult executionId="689ba25e-a31b-4e4a-a625-f4350c05663e" testId="a6e26627-243e-155a-eb01-98e2d1195dae" testName="GetBlogUsersInRolesTest" computerName="OMEGA" duration="00:00:00.0822829" startTime="2011-03-01T22:03:27.8016967-05:00" endTime="2011-03-01T22:03:27.8897017-05:00" testType="13cdc9d9-ddb5-4fa4-a97d-d965ccfc6d4b" outcome="Passed" testListId="8c84fa94-04c1-424b-9868-57a2d4851a1d" relativeResultsDirectory="689ba25e-a31b-4e4a-a625-f4350c05663e">
    </UnitTestResult>
    <UnitTestResult executionId="057ddd56-2c11-4499-a46c-ad69a067db6d" testId="a8e19d6e-94f1-71b9-e146-21d07ada136b" testName="AddBlacklistTest" computerName="OMEGA" duration="00:00:00.0201581" startTime="2011-03-01T22:03:27.9027025-05:00" endTime="2011-03-01T22:03:27.9307041-05:00" testType="13cdc9d9-ddb5-4fa4-a97d-d965ccfc6d4b" outcome="Passed" testListId="8c84fa94-04c1-424b-9868-57a2d4851a1d" relativeResultsDirectory="057ddd56-2c11-4499-a46c-ad69a067db6d">
    </UnitTestResult>
    <UnitTestResult executionId="851ea579-e814-4b46-aa4a-2b2c6a656589" testId="a925c3a4-eed3-17c5-a249-f29a0ff63ed6" testName="DeleteBlogEntryCategoryTest" computerName="OMEGA" duration="00:00:00.0149888" startTime="2011-03-01T22:03:27.9367044-05:00" endTime="2011-03-01T22:03:27.9557055-05:00" testType="13cdc9d9-ddb5-4fa4-a97d-d965ccfc6d4b" outcome="Passed" testListId="8c84fa94-04c1-424b-9868-57a2d4851a1d" relativeResultsDirectory="851ea579-e814-4b46-aa4a-2b2c6a656589">
    </UnitTestResult>
    <UnitTestResult executionId="415c5359-8ef5-4cd5-8866-0efe96198d4d" testId="b0df2616-61bf-71de-a7bd-47ff2b15d236" testName="AddBlogCategoryTest" computerName="OMEGA" duration="00:00:00.0153949" startTime="2011-03-01T22:03:27.9597057-05:00" endTime="2011-03-01T22:03:27.9797069-05:00" testType="13cdc9d9-ddb5-4fa4-a97d-d965ccfc6d4b" outcome="Passed" testListId="8c84fa94-04c1-424b-9868-57a2d4851a1d" relativeResultsDirectory="415c5359-8ef5-4cd5-8866-0efe96198d4d">
    </UnitTestResult>
    <UnitTestResult executionId="2f6d0cf7-9c9f-46bf-801b-db17cf8b06cc" testId="b3108ca4-ea15-e67e-c0db-a65c954d8ee4" testName="DeleteBlogCategoryTest" computerName="OMEGA" duration="00:00:00.0286099" startTime="2011-03-01T22:03:27.9847072-05:00" endTime="2011-03-01T22:03:28.0177090-05:00" testType="13cdc9d9-ddb5-4fa4-a97d-d965ccfc6d4b" outcome="Passed" testListId="8c84fa94-04c1-424b-9868-57a2d4851a1d" relativeResultsDirectory="2f6d0cf7-9c9f-46bf-801b-db17cf8b06cc">
    </UnitTestResult>
    <UnitTestResult executionId="e78d3970-1ae8-4879-9a04-205ea9645690" testId="b4e556fb-0ea0-19cc-b9f9-56dab34cad84" testName="AddBlogFeedbackTest" computerName="OMEGA" duration="00:00:00.0184499" startTime="2011-03-01T22:03:28.0237094-05:00" endTime="2011-03-01T22:03:28.0477108-05:00" testType="13cdc9d9-ddb5-4fa4-a97d-d965ccfc6d4b" outcome="Passed" testListId="8c84fa94-04c1-424b-9868-57a2d4851a1d" relativeResultsDirectory="e78d3970-1ae8-4879-9a04-205ea9645690">
    </UnitTestResult>
    <UnitTestResult executionId="65c56e47-ddb1-4abf-91cc-1dfbdb3c7b25" testId="ba02f043-5194-b9ef-24b3-5b63efb7cd79" testName="UrlHelperTest" computerName="OMEGA" duration="00:00:00.0002693" startTime="2011-03-01T22:03:28.0517110-05:00" endTime="2011-03-01T22:03:28.0567113-05:00" testType="13cdc9d9-ddb5-4fa4-a97d-d965ccfc6d4b" outcome="Passed" testListId="8c84fa94-04c1-424b-9868-57a2d4851a1d" relativeResultsDirectory="65c56e47-ddb1-4abf-91cc-1dfbdb3c7b25">
    </UnitTestResult>
    <UnitTestResult executionId="c1c32f37-36a5-4766-be56-3c3b18012ab2" testId="c20da52c-e354-0953-79b7-81d22629dba1" testName="AddBlogUserRoleTest" computerName="OMEGA" duration="00:00:00.0145979" startTime="2011-03-01T22:03:28.0657118-05:00" endTime="2011-03-01T22:03:28.0847129-05:00" testType="13cdc9d9-ddb5-4fa4-a97d-d965ccfc6d4b" outcome="Passed" testListId="8c84fa94-04c1-424b-9868-57a2d4851a1d" relativeResultsDirectory="c1c32f37-36a5-4766-be56-3c3b18012ab2">
    </UnitTestResult>
    <UnitTestResult executionId="baad9f6e-4378-43f8-9382-a5dba543d279" testId="c3fd992c-7d73-9162-4bb1-c19b72ab56b4" testName="IsUserAuthorTest" computerName="OMEGA" duration="00:00:00.0340646" startTime="2011-03-01T22:03:28.0887131-05:00" endTime="2011-03-01T22:03:28.1267153-05:00" testType="13cdc9d9-ddb5-4fa4-a97d-d965ccfc6d4b" outcome="Passed" testListId="8c84fa94-04c1-424b-9868-57a2d4851a1d" relativeResultsDirectory="baad9f6e-4378-43f8-9382-a5dba543d279">
    </UnitTestResult>
    <UnitTestResult executionId="6773e655-ec95-42d5-b0c2-98bb7d6729fb" testId="c40e72ea-ff25-e206-6801-077c4224a59f" testName="VeritasRepositoryConstructorTest" computerName="OMEGA" duration="00:00:00.0130803" startTime="2011-03-01T22:03:28.1307155-05:00" endTime="2011-03-01T22:03:28.1487165-05:00" testType="13cdc9d9-ddb5-4fa4-a97d-d965ccfc6d4b" outcome="Passed" testListId="8c84fa94-04c1-424b-9868-57a2d4851a1d" relativeResultsDirectory="6773e655-ec95-42d5-b0c2-98bb7d6729fb">
    </UnitTestResult>
    <UnitTestResult executionId="37ca2a23-bc69-4e3a-a64c-cf5b10aba931" testId="c7fe2751-1051-530e-a619-c3e0302bb88e" testName="GetEntriesFromStartPointTest" computerName="OMEGA" duration="00:00:00.0256251" startTime="2011-03-01T22:03:28.1527168-05:00" endTime="2011-03-01T22:03:28.1827185-05:00" testType="13cdc9d9-ddb5-4fa4-a97d-d965ccfc6d4b" outcome="Passed" testListId="8c84fa94-04c1-424b-9868-57a2d4851a1d" relativeResultsDirectory="37ca2a23-bc69-4e3a-a64c-cf5b10aba931">
    </UnitTestResult>
    <UnitTestResult executionId="e1269cba-4ac9-41fa-bd4c-0e408ca5ff91" testId="c82f563e-2472-65c4-c0ec-829ca77722c8" testName="DoesEntryTitleExistTest" computerName="OMEGA" duration="00:00:00.0467581" startTime="2011-03-01T22:03:28.1917190-05:00" endTime="2011-03-01T22:03:28.2427219-05:00" testType="13cdc9d9-ddb5-4fa4-a97d-d965ccfc6d4b" outcome="Passed" testListId="8c84fa94-04c1-424b-9868-57a2d4851a1d" relativeResultsDirectory="e1269cba-4ac9-41fa-bd4c-0e408ca5ff91">
    </UnitTestResult>
    <UnitTestResult executionId="1091270f-7d48-4b72-9976-c6453d827b87" testId="c8d5d54a-5747-e0ad-d7b0-76377ca3dca6" testName="DeleteBlogEntryTest" computerName="OMEGA" duration="00:00:00.0180525" startTime="2011-03-01T22:03:28.2447220-05:00" endTime="2011-03-01T22:03:28.2667233-05:00" testType="13cdc9d9-ddb5-4fa4-a97d-d965ccfc6d4b" outcome="Passed" testListId="8c84fa94-04c1-424b-9868-57a2d4851a1d" relativeResultsDirectory="1091270f-7d48-4b72-9976-c6453d827b87">
    </UnitTestResult>
    <UnitTestResult executionId="e34a0728-73a8-406c-84c8-57c205f86724" testId="d23de06b-65d4-8455-c8d5-757ad66cadc4" testName="UpdateEntryViewCountForWebTest" computerName="OMEGA" duration="00:00:00.0349298" startTime="2011-03-01T22:03:28.2687234-05:00" endTime="2011-03-01T22:03:28.3077256-05:00" testType="13cdc9d9-ddb5-4fa4-a97d-d965ccfc6d4b" outcome="Passed" testListId="8c84fa94-04c1-424b-9868-57a2d4851a1d" relativeResultsDirectory="e34a0728-73a8-406c-84c8-57c205f86724">
    </UnitTestResult>
    <UnitTestResult executionId="cca2eb2a-e429-4386-884f-ff6d256f20d6" testId="d36ead82-8c1b-369b-cd71-07dfae01f04a" testName="LogToDbExceptionTest" computerName="OMEGA" duration="00:00:00.0184146" startTime="2011-03-01T22:03:28.3157261-05:00" endTime="2011-03-01T22:03:28.3397275-05:00" testType="13cdc9d9-ddb5-4fa4-a97d-d965ccfc6d4b" outcome="Failed" testListId="8c84fa94-04c1-424b-9868-57a2d4851a1d" relativeResultsDirectory="cca2eb2a-e429-4386-884f-ff6d256f20d6">
      <Output>
        <ErrorInfo>
          <Message>Test method Veritas.Tests.LoggingHandlerTest.LogToDbExceptionTest threw exception: 
System.InvalidOperationException: Sequence contains more than one element</Message>
          <StackTrace>    at System.Linq.Enumerable.SingleOrDefault[TSource](IEnumerable`1 source)
   at System.Data.Objects.ELinq.ObjectQueryProvider.&lt;GetElementFunction&gt;b__2[TResult](IEnumerable`1 sequence)
   at System.Data.Objects.ELinq.ObjectQueryProvider.ExecuteSingle[TResult](IEnumerable`1 query, Expression queryRoot)
   at System.Data.Objects.ELinq.ObjectQueryProvider.System.Linq.IQueryProvider.Execute[S](Expression expression)
   at System.Linq.Queryable.SingleOrDefault[TSource](IQueryable`1 source)
   at Veritas.DataLayer.VeritasRepository.GetBlogConfigByHostname(String hostname) in C:\csharp\veritas 3\DataLayer\Veritas.DataLayer\VeritasRepository.cs:line 141
   at Veritas.BusinessLayer.Caching.CacheHandler.GetBlogConfig() in C:\csharp\veritas 3\BusinessLayer\Veritas.BusinessLayer\Caching\CacheHandler.cs:line 30
   at Veritas.BusinessLayer.Logging.LoggingHandler.get_IsDbLoggingEnabled() in C:\csharp\veritas 3\BusinessLayer\Veritas.BusinessLayer\Logging\LoggingHandler.cs:line 35
   at Veritas.BusinessLayer.Logging.LoggingHandler.LogToDb(Exception ex, String logger, String level) in C:\csharp\veritas 3\BusinessLayer\Veritas.BusinessLayer\Logging\LoggingHandler.cs:line 143
   at Veritas.BusinessLayer.Logging.LoggingHandler.LogToDb(Exception ex, String logger) in C:\csharp\veritas 3\BusinessLayer\Veritas.BusinessLayer\Logging\LoggingHandler.cs:line 138
   at Veritas.Tests.LoggingHandlerTest.LogToDbExceptionTest() in C:\csharp\veritas 3\Tests\Veritas.Tests\LoggingHandlerTest.cs:line 96
</StackTrace>
        </ErrorInfo>
      </Output>
    </UnitTestResult>
    <UnitTestResult executionId="45db9650-9766-4b17-94bb-0f571ebb201a" testId="d47eb6dc-d325-8764-e966-be911a123673" testName="AddBlogEntryViewCountTest" computerName="OMEGA" duration="00:00:00.0132995" startTime="2011-03-01T22:03:28.3477279-05:00" endTime="2011-03-01T22:03:28.3657290-05:00" testType="13cdc9d9-ddb5-4fa4-a97d-d965ccfc6d4b" outcome="Passed" testListId="8c84fa94-04c1-424b-9868-57a2d4851a1d" relativeResultsDirectory="45db9650-9766-4b17-94bb-0f571ebb201a">
    </UnitTestResult>
    <UnitTestResult executionId="ef671db7-d4ad-42fa-a76f-da11bd822b40" testId="d4ec15b4-22c1-3ec0-3bec-7dcaca3dc698" testName="AddBlogFeedbackAuthorTest" computerName="OMEGA" duration="00:00:00.0143027" startTime="2011-03-01T22:03:28.3697292-05:00" endTime="2011-03-01T22:03:28.3897303-05:00" testType="13cdc9d9-ddb5-4fa4-a97d-d965ccfc6d4b" outcome="Passed" testListId="8c84fa94-04c1-424b-9868-57a2d4851a1d" relativeResultsDirectory="ef671db7-d4ad-42fa-a76f-da11bd822b40">
    </UnitTestResult>
    <UnitTestResult executionId="2ecdfb5c-dd5e-4c99-85c2-64298de97edd" testId="da025daa-9a08-5d83-0a31-8339d11dde9a" testName="GetInstanceTest" computerName="OMEGA" duration="00:00:00.0103287" startTime="2011-03-01T22:03:28.4027311-05:00" endTime="2011-03-01T22:03:28.4167319-05:00" testType="13cdc9d9-ddb5-4fa4-a97d-d965ccfc6d4b" outcome="Passed" testListId="8c84fa94-04c1-424b-9868-57a2d4851a1d" relativeResultsDirectory="2ecdfb5c-dd5e-4c99-85c2-64298de97edd">
    </UnitTestResult>
    <UnitTestResult executionId="c31d057e-5500-4a70-8e0f-4cf7512c15d5" testId="dfccb8e7-e1b4-274c-8f59-e2f6a417af14" testName="BuildXmlFromConfigTest" computerName="OMEGA" duration="00:00:00.0590356" startTime="2011-03-01T22:03:28.4207321-05:00" endTime="2011-03-01T22:03:28.4847358-05:00" testType="13cdc9d9-ddb5-4fa4-a97d-d965ccfc6d4b" outcome="Failed" testListId="8c84fa94-04c1-424b-9868-57a2d4851a1d" relativeResultsDirectory="c31d057e-5500-4a70-8e0f-4cf7512c15d5">
      <Output>
        <ErrorInfo>
          <Message>Assert.AreEqual failed. Expected:&lt;&lt;BlogConfig&gt;&lt;AkismetApiKey&gt;abc123&lt;/AkismetApiKey&gt;&lt;AllowComments&gt;false&lt;/AllowComments&gt;&lt;BlogAbout&gt;This is what it's all about!&lt;/BlogAbout&gt;&lt;BlogHeaderImage&gt;../../ImagePath.jpg&lt;/BlogHeaderImage&gt;&lt;BlogHeaderIsImage&gt;true&lt;/BlogHeaderIsImage&gt;&lt;BlogMarketingInfo&gt;&lt;ShowSideBarAds&gt;true&lt;/ShowSideBarAds&gt;&lt;ShowEntryAds&gt;true&lt;/ShowEntryAds&gt;&lt;AdScriptSideBar&gt;test&lt;/AdScriptSideBar&gt;&lt;AdScriptEntry&gt;test&lt;/AdScriptEntry&gt;&lt;/BlogMarketingInfo&gt;&lt;CopyrightText&gt;Copyright Test 2010&lt;/CopyrightText&gt;&lt;DaysUntilCommentsClose /&gt;&lt;EnableFeedbackAuthorNotifications&gt;true&lt;/EnableFeedbackAuthorNotifications&gt;&lt;EnableFeedbackRssFeed&gt;false&lt;/EnableFeedbackRssFeed&gt;&lt;FacebookUrl&gt;http://facebook/crap&lt;/FacebookUrl&gt;&lt;FeedburnerName&gt;AbiteOfDet&lt;/FeedburnerName&gt;&lt;FeedbackCount&gt;0&lt;/FeedbackCount&gt;&lt;FeedbackRequiresApproval&gt;true&lt;/FeedbackRequiresApproval&gt;&lt;IsActive&gt;true&lt;/IsActive&gt;&lt;GoogleApiKey&gt;abc123&lt;/GoogleApiKey&gt;&lt;HeaderScript&gt;&amp;amp;lt;script type=&amp;amp;quot;text/javascript&amp;amp;quot;&amp;amp;gt;Test!&amp;amp;lt;/script&lt;/HeaderScript&gt;&lt;Language&gt;en-US&lt;/Language&gt;&lt;LogEmailAddress&gt;emailLog@veritasblog.com&lt;/LogEmailAddress&gt;&lt;LogFilePath&gt;C:\VeritasTestLogs\log.txt&lt;/LogFilePath&gt;&lt;LogToDb&gt;true&lt;/LogToDb&gt;&lt;LogToEmail&gt;true&lt;/LogToEmail&gt;&lt;LogToFile&gt;false&lt;/LogToFile&gt;&lt;NotifyAdminsForFeedback&gt;true&lt;/NotifyAdminsForFeedback&gt;&lt;PostCount&gt;5&lt;/PostCount&gt;&lt;PostsPerPage&gt;3&lt;/PostsPerPage&gt;&lt;RssUrl&gt;http://feedburner.com/test&lt;/RssUrl&gt;&lt;ShowAuthorsAbout&gt;false&lt;/ShowAuthorsAbout&gt;&lt;ShowBlogAbout&gt;true&lt;/ShowBlogAbout&gt;&lt;ShowGravatars&gt;false&lt;/ShowGravatars&gt;&lt;Skin&gt;TEST&lt;/Skin&gt;&lt;SmtpPassword&gt;TEST&lt;/SmtpPassword&gt;&lt;SmtpPort&gt;23&lt;/SmtpPort&gt;&lt;SmtpServer&gt;google.com&lt;/SmtpServer&gt;&lt;SmtpUserName&gt;username&lt;/SmtpUserName&gt;&lt;SmtpUseSsl&gt;false&lt;/SmtpUseSsl&gt;&lt;SubTitle&gt;a subtitle&lt;/SubTitle&gt;&lt;TimeZone&gt;EASTERN&lt;/TimeZone&gt;&lt;Title&gt;THE TITLE&lt;/Title&gt;&lt;TwitterUrl&gt;http://twitter.com/abite&lt;/TwitterUrl&gt;&lt;WebStatsJavascript&gt;&amp;amp;lt;script type=&amp;amp;quot;text/javascript&amp;amp;quot;&amp;amp;gt;Web Stats Javascript!&amp;amp;lt;/script&lt;/WebStatsJavascript&gt;&lt;/BlogConfig&gt;&gt;. Actual:&lt;&lt;BlogConfig&gt;&lt;AkismetApiKey&gt;abc123&lt;/AkismetApiKey&gt;&lt;AllowComments&gt;false&lt;/AllowComments&gt;&lt;BlogAbout&gt;This is what it's all about!&lt;/BlogAbout&gt;&lt;BlogHeaderImage&gt;../../ImagePath.jpg&lt;/BlogHeaderImage&gt;&lt;BlogHeaderIsImage&gt;true&lt;/BlogHeaderIsImage&gt;&lt;BlogCommentInfo&gt;&lt;UseDefaultComments&gt;false&lt;/UseDefaultComments&gt;&lt;UseDisqusComments&gt;false&lt;/UseDisqusComments&gt;&lt;DisqusAccountName /&gt;&lt;/BlogCommentInfo&gt;&lt;BlogMarketingInfo&gt;&lt;ShowSideBarAds&gt;true&lt;/ShowSideBarAds&gt;&lt;ShowEntryAds&gt;true&lt;/ShowEntryAds&gt;&lt;AdScriptSideBar&gt;test&lt;/AdScriptSideBar&gt;&lt;AdScriptEntry&gt;test&lt;/AdScriptEntry&gt;&lt;/BlogMarketingInfo&gt;&lt;CopyrightText&gt;Copyright Test 2010&lt;/CopyrightText&gt;&lt;DaysUntilCommentsClose /&gt;&lt;EnableFeedbackAuthorNotifications&gt;true&lt;/EnableFeedbackAuthorNotifications&gt;&lt;EnableFeedbackRssFeed&gt;false&lt;/EnableFeedbackRssFeed&gt;&lt;FacebookUrl&gt;http://facebook/crap&lt;/FacebookUrl&gt;&lt;FeedburnerName&gt;AbiteOfDet&lt;/FeedburnerName&gt;&lt;FeedbackCount&gt;0&lt;/FeedbackCount&gt;&lt;FeedbackRequiresApproval&gt;true&lt;/FeedbackRequiresApproval&gt;&lt;IsActive&gt;true&lt;/IsActive&gt;&lt;GoogleApiKey&gt;abc123&lt;/GoogleApiKey&gt;&lt;HeaderScript&gt;&amp;amp;lt;script type=&amp;amp;quot;text/javascript&amp;amp;quot;&amp;amp;gt;Test!&amp;amp;lt;/script&lt;/HeaderScript&gt;&lt;Language&gt;en-US&lt;/Language&gt;&lt;LogEmailAddress&gt;emailLog@veritasblog.com&lt;/LogEmailAddress&gt;&lt;LogFilePath&gt;C:\VeritasTestLogs\log.txt&lt;/LogFilePath&gt;&lt;LogToDb&gt;true&lt;/LogToDb&gt;&lt;LogToEmail&gt;true&lt;/LogToEmail&gt;&lt;LogToFile&gt;false&lt;/LogToFile&gt;&lt;NotifyAdminsForFeedback&gt;true&lt;/NotifyAdminsForFeedback&gt;&lt;PostCount&gt;5&lt;/PostCount&gt;&lt;PostsPerPage&gt;3&lt;/PostsPerPage&gt;&lt;RssShowLimitedEntryInFeed&gt;false&lt;/RssShowLimitedEntryInFeed&gt;&lt;RssUrl&gt;http://feedburner.com/test&lt;/RssUrl&gt;&lt;ShowAuthorsAbout&gt;false&lt;/ShowAuthorsAbout&gt;&lt;ShowBlogAbout&gt;true&lt;/ShowBlogAbout&gt;&lt;ShowGravatars&gt;false&lt;/ShowGravatars&gt;&lt;Skin&gt;TEST&lt;/Skin&gt;&lt;SmtpPassword&gt;TEST&lt;/SmtpPassword&gt;&lt;SmtpPort&gt;23&lt;/SmtpPort&gt;&lt;SmtpServer&gt;google.com&lt;/SmtpServer&gt;&lt;SmtpUserName&gt;username&lt;/SmtpUserName&gt;&lt;SmtpUseSsl&gt;false&lt;/SmtpUseSsl&gt;&lt;SubTitle&gt;a subtitle&lt;/SubTitle&gt;&lt;TimeZone&gt;EASTERN&lt;/TimeZone&gt;&lt;Title&gt;THE TITLE&lt;/Title&gt;&lt;TwitterUrl&gt;http://twitter.com/abite&lt;/TwitterUrl&gt;&lt;WebStatsJavascript&gt;&amp;amp;lt;script type=&amp;amp;quot;text/javascript&amp;amp;quot;&amp;amp;gt;Web Stats Javascript!&amp;amp;lt;/script&lt;/WebStatsJavascript&gt;&lt;/BlogConfig&gt;&gt;. </Message>
          <StackTrace>   at Veritas.Tests.BlogConfigTest.BuildXmlFromConfigTest() in C:\csharp\veritas 3\Tests\Veritas.Tests\BlogConfigTest.cs:line 182
</StackTrace>
        </ErrorInfo>
      </Output>
    </UnitTestResult>
    <UnitTestResult executionId="1088c239-e395-4733-bfa7-1fa757235ff9" testId="e4773567-3b44-5087-89c9-4a1812d30763" testName="LogToFileExceptionTest" computerName="OMEGA" duration="00:00:00.0149457" startTime="2011-03-01T22:03:28.4917362-05:00" endTime="2011-03-01T22:03:28.5107372-05:00" testType="13cdc9d9-ddb5-4fa4-a97d-d965ccfc6d4b" outcome="Failed" testListId="8c84fa94-04c1-424b-9868-57a2d4851a1d" relativeResultsDirectory="1088c239-e395-4733-bfa7-1fa757235ff9">
      <Output>
        <ErrorInfo>
          <Message>Test method Veritas.Tests.LoggingHandlerTest.LogToFileExceptionTest threw exception: 
System.InvalidOperationException: Sequence contains more than one element</Message>
          <StackTrace>    at System.Linq.Enumerable.SingleOrDefault[TSource](IEnumerable`1 source)
   at System.Data.Objects.ELinq.ObjectQueryProvider.&lt;GetElementFunction&gt;b__2[TResult](IEnumerable`1 sequence)
   at System.Data.Objects.ELinq.ObjectQueryProvider.ExecuteSingle[TResult](IEnumerable`1 query, Expression queryRoot)
   at System.Data.Objects.ELinq.ObjectQueryProvider.System.Linq.IQueryProvider.Execute[S](Expression expression)
   at System.Linq.Queryable.SingleOrDefault[TSource](IQueryable`1 source)
   at Veritas.DataLayer.VeritasRepository.GetBlogConfigByHostname(String hostname) in C:\csharp\veritas 3\DataLayer\Veritas.DataLayer\VeritasRepository.cs:line 141
   at Veritas.BusinessLayer.Caching.CacheHandler.GetBlogConfig() in C:\csharp\veritas 3\BusinessLayer\Veritas.BusinessLayer\Caching\CacheHandler.cs:line 30
   at Veritas.BusinessLayer.Logging.LoggingHandler.get_IsFileLoggingEnabled() in C:\csharp\veritas 3\BusinessLayer\Veritas.BusinessLayer\Logging\LoggingHandler.cs:line 28
   at Veritas.BusinessLayer.Logging.LoggingHandler.LogToFile(Exception ex, String logger, String level) in C:\csharp\veritas 3\BusinessLayer\Veritas.BusinessLayer\Logging\LoggingHandler.cs:line 116
   at Veritas.BusinessLayer.Logging.LoggingHandler.LogToFile(Exception ex, String logger) in C:\csharp\veritas 3\BusinessLayer\Veritas.BusinessLayer\Logging\LoggingHandler.cs:line 111
   at Veritas.Tests.LoggingHandlerTest.LogToFileExceptionTest() in C:\csharp\veritas 3\Tests\Veritas.Tests\LoggingHandlerTest.cs:line 111
</StackTrace>
        </ErrorInfo>
      </Output>
    </UnitTestResult>
    <UnitTestResult executionId="bd1ef08f-5e4a-41f3-9d78-c3e54f764b97" testId="e6165e7d-f344-cfae-dc8d-31f21eb72b18" testName="DeleteBlogMenuItemTest" computerName="OMEGA" duration="00:00:00.0158092" startTime="2011-03-01T22:03:28.5197378-05:00" endTime="2011-03-01T22:03:28.5397389-05:00" testType="13cdc9d9-ddb5-4fa4-a97d-d965ccfc6d4b" outcome="Passed" testListId="8c84fa94-04c1-424b-9868-57a2d4851a1d" relativeResultsDirectory="bd1ef08f-5e4a-41f3-9d78-c3e54f764b97">
    </UnitTestResult>
    <UnitTestResult executionId="4b6a7f60-ecab-4ce2-8228-8031ce6285b1" testId="e7a4da5d-e505-77aa-de9b-b9803fda3f68" testName="DeleteBlogEntryViewCountTest" computerName="OMEGA" duration="00:00:00.0155403" startTime="2011-03-01T22:03:28.5437391-05:00" endTime="2011-03-01T22:03:28.5637403-05:00" testType="13cdc9d9-ddb5-4fa4-a97d-d965ccfc6d4b" outcome="Passed" testListId="8c84fa94-04c1-424b-9868-57a2d4851a1d" relativeResultsDirectory="4b6a7f60-ecab-4ce2-8228-8031ce6285b1">
    </UnitTestResult>
    <UnitTestResult executionId="aee706e9-b4bc-4dd2-9a03-3fb797c95d6d" testId="ea3d664f-a9b3-4272-66e4-7640a3a556af" testName="DeleteBlogLogTest" computerName="OMEGA" duration="00:00:00.0171791" startTime="2011-03-01T22:03:28.5677405-05:00" endTime="2011-03-01T22:03:28.5907418-05:00" testType="13cdc9d9-ddb5-4fa4-a97d-d965ccfc6d4b" outcome="Passed" testListId="8c84fa94-04c1-424b-9868-57a2d4851a1d" relativeResultsDirectory="aee706e9-b4bc-4dd2-9a03-3fb797c95d6d">
    </UnitTestResult>
    <UnitTestResult executionId="a6fa3d74-b99e-437e-a915-df79be532e48" testId="fb1c259e-a5d3-4d6f-eb1f-88e915527312" testName="GetRecentEntriesTest1" computerName="OMEGA" duration="00:00:00.0316904" startTime="2011-03-01T22:03:28.5957421-05:00" endTime="2011-03-01T22:03:28.6327442-05:00" testType="13cdc9d9-ddb5-4fa4-a97d-d965ccfc6d4b" outcome="Passed" testListId="8c84fa94-04c1-424b-9868-57a2d4851a1d" relativeResultsDirectory="a6fa3d74-b99e-437e-a915-df79be532e48">
    </UnitTestResult>
  </Results>
</TestRun>