<?xml version="1.0" encoding="UTF-8"?>
<TestRun id="2038677e-0af9-4471-ba90-102098707deb" name="chris@OMEGA 2011-03-01 22:11:03" runUser="omega\chris" xmlns="http://microsoft.com/schemas/VisualStudio/TeamTest/2010">
  <TestSettings name="Local" id="6fa36b88-2d58-4b83-8765-de14e7185a90">
    <Description>These are default test settings for a local test run.</Description>
    <Deployment enabled="false" runDeploymentRoot="chris_OMEGA 2011-03-01 22_11_03">
      <DeploymentItem filename="C:\csharp\Veritas 3\BusinessLayer\Veritas.BusinessLayer\bin\Debug\Veritas.BusinessLayer.dll" />
      <DeploymentItem filename="C:\csharp\veritas 3\ThirdPartyAssembelies\Moq\Moq.dll" />
      <DeploymentItem filename="C:\csharp\Veritas 3\DataLayer\Veritas.DataLayer\bin\Debug\Veritas.DataLayer.dll" />
      <DeploymentItem filename="C:\csharp\Veritas 3\UI\Veritas.UI.Web\bin\Veritas.UI.Web.dll" />
    </Deployment>
    <Execution>
      <TestTypeSpecific />
      <AgentRule name="Execution Agents">
      </AgentRule>
    </Execution>
  </TestSettings>
  <Times creation="2011-03-01T22:11:03.5947666-05:00" queuing="2011-03-01T22:11:03.7167735-05:00" start="2011-03-01T22:11:03.7417750-05:00" finish="2011-03-01T22:11:04.4988183-05:00" />
  <ResultSummary outcome="Completed">
    <Counters total="1" executed="1" passed="1" error="0" failed="0" timeout="0" aborted="0" inconclusive="0" passedButRunAborted="0" notRunnable="0" notExecuted="0" disconnected="0" warning="0" completed="0" inProgress="0" pending="0" />
  </ResultSummary>
  <TestDefinitions>
    <UnitTest name="BuildXmlFromConfigTest" storage="c:\csharp\veritas 3\tests\veritas.tests\bin\debug\veritas.tests.dll" id="dfccb8e7-e1b4-274c-8f59-e2f6a417af14">
      <Execution id="4cb951c8-adf6-42a6-a289-9e4664b2417b" />
      <TestMethod codeBase="C:/csharp/veritas 3/Tests/Veritas.Tests/bin/Debug/Veritas.Tests.DLL" adapterTypeName="Microsoft.VisualStudio.TestTools.TestTypes.Unit.UnitTestAdapter, Microsoft.VisualStudio.QualityTools.Tips.UnitTest.Adapter, Version=10.0.0.0, Culture=neutral, PublicKeyToken=b03f5f7f11d50a3a" className="Veritas.Tests.BlogConfigTest, Veritas.Tests, Version=1.0.0.0, Culture=neutral, PublicKeyToken=null" name="BuildXmlFromConfigTest" />
    </UnitTest>
  </TestDefinitions>
  <TestLists>
    <TestList name="Results Not in a List" id="8c84fa94-04c1-424b-9868-57a2d4851a1d" />
    <TestList name="All Loaded Results" id="19431567-8539-422a-85d7-44ee4e166bda" />
  </TestLists>
  <TestEntries>
    <TestEntry testId="dfccb8e7-e1b4-274c-8f59-e2f6a417af14" executionId="4cb951c8-adf6-42a6-a289-9e4664b2417b" testListId="8c84fa94-04c1-424b-9868-57a2d4851a1d" />
  </TestEntries>
  <Results>
    <UnitTestResult executionId="4cb951c8-adf6-42a6-a289-9e4664b2417b" testId="dfccb8e7-e1b4-274c-8f59-e2f6a417af14" testName="BuildXmlFromConfigTest" computerName="OMEGA" duration="00:00:00.4361155" startTime="2011-03-01T22:11:03.7667764-05:00" endTime="2011-03-01T22:11:04.4628162-05:00" testType="13cdc9d9-ddb5-4fa4-a97d-d965ccfc6d4b" outcome="Passed" testListId="8c84fa94-04c1-424b-9868-57a2d4851a1d" relativeResultsDirectory="4cb951c8-adf6-42a6-a289-9e4664b2417b">
    </UnitTestResult>
  </Results>
</TestRun>